26-Aug-2025 09:01:47.563 INFO [main] org.apache.catalina.startup.VersionLoggerListener.log Nombre de la versión del servidor: Apache Tomcat/10.1.44
26-Aug-2025 09:01:47.566 INFO [main] org.apache.catalina.startup.VersionLoggerListener.log Server built:                      Aug 4 2025 13:14:17 UTC
26-Aug-2025 09:01:47.567 INFO [main] org.apache.catalina.startup.VersionLoggerListener.log Número de versión de servidor:     10.1.44.0
26-Aug-2025 09:01:47.567 INFO [main] org.apache.catalina.startup.VersionLoggerListener.log OS Name:                           Windows 11
26-Aug-2025 09:01:47.567 INFO [main] org.apache.catalina.startup.VersionLoggerListener.log Versión de Systema Operativo:      10.0
26-Aug-2025 09:01:47.567 INFO [main] org.apache.catalina.startup.VersionLoggerListener.log Arquitectura:                      amd64
26-Aug-2025 09:01:47.567 INFO [main] org.apache.catalina.startup.VersionLoggerListener.log Java Home:                         C:\Program Files\Java\jdk-17
26-Aug-2025 09:01:47.568 INFO [main] org.apache.catalina.startup.VersionLoggerListener.log JVM Version:                       17.0.16+12-LTS-247
26-Aug-2025 09:01:47.568 INFO [main] org.apache.catalina.startup.VersionLoggerListener.log Vededor JVM:                       Oracle Corporation
26-Aug-2025 09:01:47.568 INFO [main] org.apache.catalina.startup.VersionLoggerListener.log CATALINA_BASE:                     C:\Users\Celeste Jimenez\IdeaProjects\BootcampRoshka\apache-tomcat-10.1.44-windows-x64\apache-tomcat-10.1.44
26-Aug-2025 09:01:47.568 INFO [main] org.apache.catalina.startup.VersionLoggerListener.log CATALINA_HOME:                     C:\Users\Celeste Jimenez\IdeaProjects\BootcampRoshka\apache-tomcat-10.1.44-windows-x64\apache-tomcat-10.1.44
26-Aug-2025 09:01:47.583 INFO [main] org.apache.catalina.startup.VersionLoggerListener.log Command line argument:             -Djava.util.logging.config.file=C:\Users\Celeste Jimenez\IdeaProjects\BootcampRoshka\apache-tomcat-10.1.44-windows-x64\apache-tomcat-10.1.44\conf\logging.properties
26-Aug-2025 09:01:47.583 INFO [main] org.apache.catalina.startup.VersionLoggerListener.log Command line argument:             -Djava.util.logging.manager=org.apache.juli.ClassLoaderLogManager
26-Aug-2025 09:01:47.583 INFO [main] org.apache.catalina.startup.VersionLoggerListener.log Command line argument:             -Djdk.tls.ephemeralDHKeySize=2048
26-Aug-2025 09:01:47.583 INFO [main] org.apache.catalina.startup.VersionLoggerListener.log Command line argument:             -Djava.protocol.handler.pkgs=org.apache.catalina.webresources
26-Aug-2025 09:01:47.583 INFO [main] org.apache.catalina.startup.VersionLoggerListener.log Command line argument:             -Dsun.io.useCanonCaches=false
26-Aug-2025 09:01:47.583 INFO [main] org.apache.catalina.startup.VersionLoggerListener.log Command line argument:             --add-opens=java.base/java.lang=ALL-UNNAMED
26-Aug-2025 09:01:47.583 INFO [main] org.apache.catalina.startup.VersionLoggerListener.log Command line argument:             --add-opens=java.base/java.lang.reflect=ALL-UNNAMED
26-Aug-2025 09:01:47.583 INFO [main] org.apache.catalina.startup.VersionLoggerListener.log Command line argument:             --add-opens=java.base/java.io=ALL-UNNAMED
26-Aug-2025 09:01:47.583 INFO [main] org.apache.catalina.startup.VersionLoggerListener.log Command line argument:             --add-opens=java.base/java.util=ALL-UNNAMED
26-Aug-2025 09:01:47.584 INFO [main] org.apache.catalina.startup.VersionLoggerListener.log Command line argument:             --add-opens=java.base/java.util.concurrent=ALL-UNNAMED
26-Aug-2025 09:01:47.584 INFO [main] org.apache.catalina.startup.VersionLoggerListener.log Command line argument:             --add-opens=java.rmi/sun.rmi.transport=ALL-UNNAMED
26-Aug-2025 09:01:47.584 INFO [main] org.apache.catalina.startup.VersionLoggerListener.log Command line argument:             -Dcatalina.base=C:\Users\Celeste Jimenez\IdeaProjects\BootcampRoshka\apache-tomcat-10.1.44-windows-x64\apache-tomcat-10.1.44
26-Aug-2025 09:01:47.584 INFO [main] org.apache.catalina.startup.VersionLoggerListener.log Command line argument:             -Dcatalina.home=C:\Users\Celeste Jimenez\IdeaProjects\BootcampRoshka\apache-tomcat-10.1.44-windows-x64\apache-tomcat-10.1.44
26-Aug-2025 09:01:47.647 INFO [main] org.apache.catalina.startup.VersionLoggerListener.log Command line argument:             -Djava.io.tmpdir=C:\Users\Celeste Jimenez\IdeaProjects\BootcampRoshka\apache-tomcat-10.1.44-windows-x64\apache-tomcat-10.1.44\temp
26-Aug-2025 09:01:47.655 INFO [main] org.apache.catalina.core.AprLifecycleListener.lifecycleEvent Cargada la biblioteca nativa APR de Apache Tomcat [2.0.9] con la versión APR [1.7.6].
26-Aug-2025 09:01:47.674 INFO [main] org.apache.catalina.core.AprLifecycleListener.initializeSSL OpenSSL inicializado correctamente [OpenSSL 3.5.0 8 Apr 2025]
26-Aug-2025 09:01:47.857 INFO [main] org.apache.coyote.AbstractProtocol.init Inicializando el manejador de protocolo ["http-nio-8080"]

26-Aug-2025 09:01:47.884 INFO [main] org.apache.catalina.startup.Catalina.load Server initialization in [500] milliseconds
26-Aug-2025 09:01:47.942 INFO [main] org.apache.catalina.core.StandardService.startInternal Arrancando servicio [Catalina]
26-Aug-2025 09:01:47.943 INFO [main] org.apache.catalina.core.StandardEngine.startInternal Starting Servlet engine: [Apache Tomcat/10.1.44]
26-Aug-2025 09:01:47.958 INFO [main] org.apache.catalina.startup.HostConfig.deployDescriptor Desplieque del descriptor de configuración [C:\Users\Celeste Jimenez\IdeaProjects\BootcampRoshka\apache-tomcat-10.1.44-windows-x64\apache-tomcat-10.1.44\conf\Catalina\localhost\market-app.xml]
26-Aug-2025 09:01:47.973 WARNING [main] org.apache.catalina.startup.HostConfig.deployDescriptor The path attribute with value [/market-app] in deployment descriptor [C:\Users\Celeste Jimenez\IdeaProjects\BootcampRoshka\apache-tomcat-10.1.44-windows-x64\apache-tomcat-10.1.44\conf\Catalina\localhost\market-app.xml] has been ignored
26-Aug-2025 09:01:48.414 INFO [main] org.apache.jasper.servlet.TldScanner.scanJars Al menos un JAR, que se ha explorado buscando TLDs, aún no contenía TLDs. Activar historial de depuración para este historiador para una completa lista de los JARs que fueron explorados y de los que nos se halló TLDs. Saltarse JARs no necesarios durante la exploración puede dar lugar a una mejora de tiempo significativa en el arranque y compilación de JSP .
26-Aug-2025 09:01:48.481 INFO [main] org.apache.catalina.startup.HostConfig.deployDescriptor Deployment of deployment descriptor [C:\Users\Celeste Jimenez\IdeaProjects\BootcampRoshka\apache-tomcat-10.1.44-windows-x64\apache-tomcat-10.1.44\conf\Catalina\localhost\market-app.xml] has finished in [521] ms
26-Aug-2025 09:01:48.481 INFO [main] org.apache.catalina.startup.HostConfig.deployDirectory Desplegando el directorio [C:\Users\Celeste Jimenez\IdeaProjects\BootcampRoshka\apache-tomcat-10.1.44-windows-x64\apache-tomcat-10.1.44\webapps\docs] de la aplicación web
26-Aug-2025 09:01:48.516 INFO [main] org.apache.catalina.startup.HostConfig.deployDirectory Deployment of web application directory [C:\Users\Celeste Jimenez\IdeaProjects\BootcampRoshka\apache-tomcat-10.1.44-windows-x64\apache-tomcat-10.1.44\webapps\docs] has finished in [35] ms
26-Aug-2025 09:01:48.517 INFO [main] org.apache.catalina.startup.HostConfig.deployDirectory Desplegando el directorio [C:\Users\Celeste Jimenez\IdeaProjects\BootcampRoshka\apache-tomcat-10.1.44-windows-x64\apache-tomcat-10.1.44\webapps\examples] de la aplicación web
26-Aug-2025 09:01:48.866 INFO [main] org.apache.catalina.startup.HostConfig.deployDirectory Deployment of web application directory [C:\Users\Celeste Jimenez\IdeaProjects\BootcampRoshka\apache-tomcat-10.1.44-windows-x64\apache-tomcat-10.1.44\webapps\examples] has finished in [349] ms
26-Aug-2025 09:01:48.866 INFO [main] org.apache.catalina.startup.HostConfig.deployDirectory Desplegando el directorio [C:\Users\Celeste Jimenez\IdeaProjects\BootcampRoshka\apache-tomcat-10.1.44-windows-x64\apache-tomcat-10.1.44\webapps\host-manager] de la aplicación web
26-Aug-2025 09:01:48.905 INFO [main] org.apache.catalina.startup.HostConfig.deployDirectory Deployment of web application directory [C:\Users\Celeste Jimenez\IdeaProjects\BootcampRoshka\apache-tomcat-10.1.44-windows-x64\apache-tomcat-10.1.44\webapps\host-manager] has finished in [39] ms
26-Aug-2025 09:01:48.906 INFO [main] org.apache.catalina.startup.HostConfig.deployDirectory Desplegando el directorio [C:\Users\Celeste Jimenez\IdeaProjects\BootcampRoshka\apache-tomcat-10.1.44-windows-x64\apache-tomcat-10.1.44\webapps\manager] de la aplicación web
26-Aug-2025 09:01:48.944 INFO [main] org.apache.catalina.startup.HostConfig.deployDirectory Deployment of web application directory [C:\Users\Celeste Jimenez\IdeaProjects\BootcampRoshka\apache-tomcat-10.1.44-windows-x64\apache-tomcat-10.1.44\webapps\manager] has finished in [39] ms
26-Aug-2025 09:01:48.945 INFO [main] org.apache.catalina.startup.HostConfig.deployDirectory Desplegando el directorio [C:\Users\Celeste Jimenez\IdeaProjects\BootcampRoshka\apache-tomcat-10.1.44-windows-x64\apache-tomcat-10.1.44\webapps\ROOT] de la aplicación web
26-Aug-2025 09:01:48.974 INFO [main] org.apache.catalina.startup.HostConfig.deployDirectory Deployment of web application directory [C:\Users\Celeste Jimenez\IdeaProjects\BootcampRoshka\apache-tomcat-10.1.44-windows-x64\apache-tomcat-10.1.44\webapps\ROOT] has finished in [30] ms
26-Aug-2025 09:01:48.979 INFO [main] org.apache.coyote.AbstractProtocol.start Starting ProtocolHandler ["http-nio-8080"]
26-Aug-2025 09:01:49.035 INFO [main] org.apache.catalina.startup.Catalina.start Server startup in [1149] milliseconds
26-Aug-2025 09:01:53.555 INFO [http-nio-8080-exec-9] org.apache.catalina.startup.HostConfig.undeploy Repliegue (undeploy) de la aplicación web que tiene como trayectoria de contexto [/market-app]
26-Aug-2025 09:01:53.598 INFO [http-nio-8080-exec-4] org.apache.catalina.startup.HostConfig.deployDescriptor Desplieque del descriptor de configuración [C:\Users\Celeste Jimenez\IdeaProjects\BootcampRoshka\apache-tomcat-10.1.44-windows-x64\apache-tomcat-10.1.44\conf\Catalina\localhost\market-app.xml]
26-Aug-2025 09:01:53.599 WARNING [http-nio-8080-exec-4] org.apache.catalina.startup.HostConfig.deployDescriptor The path attribute with value [/market-app] in deployment descriptor [C:\Users\Celeste Jimenez\IdeaProjects\BootcampRoshka\apache-tomcat-10.1.44-windows-x64\apache-tomcat-10.1.44\conf\Catalina\localhost\market-app.xml] has been ignored
26-Aug-2025 09:01:53.764 INFO [http-nio-8080-exec-4] org.apache.jasper.servlet.TldScanner.scanJars Al menos un JAR, que se ha explorado buscando TLDs, aún no contenía TLDs. Activar historial de depuración para este historiador para una completa lista de los JARs que fueron explorados y de los que nos se halló TLDs. Saltarse JARs no necesarios durante la exploración puede dar lugar a una mejora de tiempo significativa en el arranque y compilación de JSP .
26-Aug-2025 09:01:53.766 INFO [http-nio-8080-exec-4] org.apache.catalina.startup.HostConfig.deployDescriptor Deployment of deployment descriptor [C:\Users\Celeste Jimenez\IdeaProjects\BootcampRoshka\apache-tomcat-10.1.44-windows-x64\apache-tomcat-10.1.44\conf\Catalina\localhost\market-app.xml] has finished in [167] ms
26-Aug-2025 09:01:53.769 INFO [http-nio-8080-exec-1] org.apache.catalina.util.LifecycleBase.start The start() method was called on component [StandardEngine[Catalina].StandardHost[localhost].StandardContext[/market-app]] after start() had already been called. The second call will be ignored.
26-Aug-2025 09:04:34.748 WARNING [http-nio-8080-exec-12] org.apache.catalina.loader.WebappClassLoaderBase.clearReferencesJdbc La aplicación web [market-app] registró el conductor JDBC [org.postgresql.Driver] pero falló al anular el registro mientras la aplicación web estaba parada. Para prevenir un fallo de memoria, se ha anulado el registro del conductor JDBC por la fuerza.
26-Aug-2025 09:04:35.255 INFO [http-nio-8080-exec-12] org.apache.catalina.startup.HostConfig.undeploy Repliegue (undeploy) de la aplicación web que tiene como trayectoria de contexto [/market-app]
26-Aug-2025 09:04:47.813 INFO [http-nio-8080-exec-19] org.apache.catalina.startup.HostConfig.deployDescriptor Desplieque del descriptor de configuración [C:\Users\Celeste Jimenez\IdeaProjects\BootcampRoshka\apache-tomcat-10.1.44-windows-x64\apache-tomcat-10.1.44\conf\Catalina\localhost\market-app.xml]
26-Aug-2025 09:04:47.814 WARNING [http-nio-8080-exec-19] org.apache.catalina.startup.HostConfig.deployDescriptor The path attribute with value [/market-app] in deployment descriptor [C:\Users\Celeste Jimenez\IdeaProjects\BootcampRoshka\apache-tomcat-10.1.44-windows-x64\apache-tomcat-10.1.44\conf\Catalina\localhost\market-app.xml] has been ignored
26-Aug-2025 09:04:48.044 INFO [http-nio-8080-exec-19] org.apache.jasper.servlet.TldScanner.scanJars Al menos un JAR, que se ha explorado buscando TLDs, aún no contenía TLDs. Activar historial de depuración para este historiador para una completa lista de los JARs que fueron explorados y de los que nos se halló TLDs. Saltarse JARs no necesarios durante la exploración puede dar lugar a una mejora de tiempo significativa en el arranque y compilación de JSP .
26-Aug-2025 09:04:48.048 INFO [http-nio-8080-exec-19] org.apache.catalina.startup.HostConfig.deployDescriptor Deployment of deployment descriptor [C:\Users\Celeste Jimenez\IdeaProjects\BootcampRoshka\apache-tomcat-10.1.44-windows-x64\apache-tomcat-10.1.44\conf\Catalina\localhost\market-app.xml] has finished in [235] ms
26-Aug-2025 09:04:48.052 INFO [http-nio-8080-exec-11] org.apache.catalina.util.LifecycleBase.start The start() method was called on component [StandardEngine[Catalina].StandardHost[localhost].StandardContext[/market-app]] after start() had already been called. The second call will be ignored.
26-Aug-2025 09:07:53.334 WARNING [http-nio-8080-exec-30] org.apache.catalina.loader.WebappClassLoaderBase.clearReferencesJdbc La aplicación web [market-app] registró el conductor JDBC [org.postgresql.Driver] pero falló al anular el registro mientras la aplicación web estaba parada. Para prevenir un fallo de memoria, se ha anulado el registro del conductor JDBC por la fuerza.
26-Aug-2025 09:07:53.841 INFO [http-nio-8080-exec-30] org.apache.catalina.startup.HostConfig.undeploy Repliegue (undeploy) de la aplicación web que tiene como trayectoria de contexto [/market-app]
26-Aug-2025 09:08:05.464 INFO [http-nio-8080-exec-29] org.apache.catalina.startup.HostConfig.deployDescriptor Desplieque del descriptor de configuración [C:\Users\Celeste Jimenez\IdeaProjects\BootcampRoshka\apache-tomcat-10.1.44-windows-x64\apache-tomcat-10.1.44\conf\Catalina\localhost\market-app.xml]
26-Aug-2025 09:08:05.465 WARNING [http-nio-8080-exec-29] org.apache.catalina.startup.HostConfig.deployDescriptor The path attribute with value [/market-app] in deployment descriptor [C:\Users\Celeste Jimenez\IdeaProjects\BootcampRoshka\apache-tomcat-10.1.44-windows-x64\apache-tomcat-10.1.44\conf\Catalina\localhost\market-app.xml] has been ignored
26-Aug-2025 09:08:05.623 INFO [http-nio-8080-exec-29] org.apache.jasper.servlet.TldScanner.scanJars Al menos un JAR, que se ha explorado buscando TLDs, aún no contenía TLDs. Activar historial de depuración para este historiador para una completa lista de los JARs que fueron explorados y de los que nos se halló TLDs. Saltarse JARs no necesarios durante la exploración puede dar lugar a una mejora de tiempo significativa en el arranque y compilación de JSP .
26-Aug-2025 09:08:05.627 INFO [http-nio-8080-exec-29] org.apache.catalina.startup.HostConfig.deployDescriptor Deployment of deployment descriptor [C:\Users\Celeste Jimenez\IdeaProjects\BootcampRoshka\apache-tomcat-10.1.44-windows-x64\apache-tomcat-10.1.44\conf\Catalina\localhost\market-app.xml] has finished in [163] ms
26-Aug-2025 09:08:05.630 INFO [http-nio-8080-exec-25] org.apache.catalina.util.LifecycleBase.start The start() method was called on component [StandardEngine[Catalina].StandardHost[localhost].StandardContext[/market-app]] after start() had already been called. The second call will be ignored.
26-Aug-2025 09:41:40.651 WARNING [http-nio-8080-exec-38] org.apache.catalina.loader.WebappClassLoaderBase.clearReferencesJdbc La aplicación web [market-app] registró el conductor JDBC [org.postgresql.Driver] pero falló al anular el registro mientras la aplicación web estaba parada. Para prevenir un fallo de memoria, se ha anulado el registro del conductor JDBC por la fuerza.
26-Aug-2025 09:41:41.161 INFO [http-nio-8080-exec-38] org.apache.catalina.startup.HostConfig.undeploy Repliegue (undeploy) de la aplicación web que tiene como trayectoria de contexto [/market-app]
26-Aug-2025 09:41:53.528 INFO [http-nio-8080-exec-39] org.apache.catalina.startup.HostConfig.deployDescriptor Desplieque del descriptor de configuración [C:\Users\Celeste Jimenez\IdeaProjects\BootcampRoshka\apache-tomcat-10.1.44-windows-x64\apache-tomcat-10.1.44\conf\Catalina\localhost\market-app.xml]
26-Aug-2025 09:41:53.529 WARNING [http-nio-8080-exec-39] org.apache.catalina.startup.HostConfig.deployDescriptor The path attribute with value [/market-app] in deployment descriptor [C:\Users\Celeste Jimenez\IdeaProjects\BootcampRoshka\apache-tomcat-10.1.44-windows-x64\apache-tomcat-10.1.44\conf\Catalina\localhost\market-app.xml] has been ignored
26-Aug-2025 09:41:53.702 INFO [http-nio-8080-exec-39] org.apache.jasper.servlet.TldScanner.scanJars Al menos un JAR, que se ha explorado buscando TLDs, aún no contenía TLDs. Activar historial de depuración para este historiador para una completa lista de los JARs que fueron explorados y de los que nos se halló TLDs. Saltarse JARs no necesarios durante la exploración puede dar lugar a una mejora de tiempo significativa en el arranque y compilación de JSP .
26-Aug-2025 09:41:53.704 INFO [http-nio-8080-exec-39] org.apache.catalina.startup.HostConfig.deployDescriptor Deployment of deployment descriptor [C:\Users\Celeste Jimenez\IdeaProjects\BootcampRoshka\apache-tomcat-10.1.44-windows-x64\apache-tomcat-10.1.44\conf\Catalina\localhost\market-app.xml] has finished in [176] ms
26-Aug-2025 09:41:53.706 INFO [http-nio-8080-exec-32] org.apache.catalina.util.LifecycleBase.start The start() method was called on component [StandardEngine[Catalina].StandardHost[localhost].StandardContext[/market-app]] after start() had already been called. The second call will be ignored.
26-Aug-2025 09:50:20.881 WARNING [http-nio-8080-exec-50] org.apache.catalina.loader.WebappClassLoaderBase.clearReferencesJdbc La aplicación web [market-app] registró el conductor JDBC [org.postgresql.Driver] pero falló al anular el registro mientras la aplicación web estaba parada. Para prevenir un fallo de memoria, se ha anulado el registro del conductor JDBC por la fuerza.
26-Aug-2025 09:50:21.386 INFO [http-nio-8080-exec-50] org.apache.catalina.startup.HostConfig.undeploy Repliegue (undeploy) de la aplicación web que tiene como trayectoria de contexto [/market-app]
26-Aug-2025 09:50:32.258 INFO [http-nio-8080-exec-41] org.apache.catalina.startup.HostConfig.deployDescriptor Desplieque del descriptor de configuración [C:\Users\Celeste Jimenez\IdeaProjects\BootcampRoshka\apache-tomcat-10.1.44-windows-x64\apache-tomcat-10.1.44\conf\Catalina\localhost\market-app.xml]
26-Aug-2025 09:50:32.260 WARNING [http-nio-8080-exec-41] org.apache.catalina.startup.HostConfig.deployDescriptor The path attribute with value [/market-app] in deployment descriptor [C:\Users\Celeste Jimenez\IdeaProjects\BootcampRoshka\apache-tomcat-10.1.44-windows-x64\apache-tomcat-10.1.44\conf\Catalina\localhost\market-app.xml] has been ignored
26-Aug-2025 09:50:32.408 INFO [http-nio-8080-exec-41] org.apache.jasper.servlet.TldScanner.scanJars Al menos un JAR, que se ha explorado buscando TLDs, aún no contenía TLDs. Activar historial de depuración para este historiador para una completa lista de los JARs que fueron explorados y de los que nos se halló TLDs. Saltarse JARs no necesarios durante la exploración puede dar lugar a una mejora de tiempo significativa en el arranque y compilación de JSP .
26-Aug-2025 09:50:32.410 INFO [http-nio-8080-exec-41] org.apache.catalina.startup.HostConfig.deployDescriptor Deployment of deployment descriptor [C:\Users\Celeste Jimenez\IdeaProjects\BootcampRoshka\apache-tomcat-10.1.44-windows-x64\apache-tomcat-10.1.44\conf\Catalina\localhost\market-app.xml] has finished in [152] ms
26-Aug-2025 09:50:32.412 INFO [http-nio-8080-exec-42] org.apache.catalina.util.LifecycleBase.start The start() method was called on component [StandardEngine[Catalina].StandardHost[localhost].StandardContext[/market-app]] after start() had already been called. The second call will be ignored.
26-Aug-2025 09:58:37.894 WARNING [http-nio-8080-exec-58] org.apache.catalina.loader.WebappClassLoaderBase.clearReferencesJdbc La aplicación web [market-app] registró el conductor JDBC [org.postgresql.Driver] pero falló al anular el registro mientras la aplicación web estaba parada. Para prevenir un fallo de memoria, se ha anulado el registro del conductor JDBC por la fuerza.
26-Aug-2025 09:58:38.404 INFO [http-nio-8080-exec-58] org.apache.catalina.startup.HostConfig.undeploy Repliegue (undeploy) de la aplicación web que tiene como trayectoria de contexto [/market-app]
26-Aug-2025 09:58:48.909 INFO [http-nio-8080-exec-59] org.apache.catalina.startup.HostConfig.deployDescriptor Desplieque del descriptor de configuración [C:\Users\Celeste Jimenez\IdeaProjects\BootcampRoshka\apache-tomcat-10.1.44-windows-x64\apache-tomcat-10.1.44\conf\Catalina\localhost\market-app.xml]
26-Aug-2025 09:58:48.910 WARNING [http-nio-8080-exec-59] org.apache.catalina.startup.HostConfig.deployDescriptor The path attribute with value [/market-app] in deployment descriptor [C:\Users\Celeste Jimenez\IdeaProjects\BootcampRoshka\apache-tomcat-10.1.44-windows-x64\apache-tomcat-10.1.44\conf\Catalina\localhost\market-app.xml] has been ignored
26-Aug-2025 09:58:49.069 INFO [http-nio-8080-exec-59] org.apache.jasper.servlet.TldScanner.scanJars Al menos un JAR, que se ha explorado buscando TLDs, aún no contenía TLDs. Activar historial de depuración para este historiador para una completa lista de los JARs que fueron explorados y de los que nos se halló TLDs. Saltarse JARs no necesarios durante la exploración puede dar lugar a una mejora de tiempo significativa en el arranque y compilación de JSP .
26-Aug-2025 09:58:49.071 INFO [http-nio-8080-exec-59] org.apache.catalina.startup.HostConfig.deployDescriptor Deployment of deployment descriptor [C:\Users\Celeste Jimenez\IdeaProjects\BootcampRoshka\apache-tomcat-10.1.44-windows-x64\apache-tomcat-10.1.44\conf\Catalina\localhost\market-app.xml] has finished in [162] ms
26-Aug-2025 09:58:49.073 INFO [http-nio-8080-exec-61] org.apache.catalina.util.LifecycleBase.start The start() method was called on component [StandardEngine[Catalina].StandardHost[localhost].StandardContext[/market-app]] after start() had already been called. The second call will be ignored.
26-Aug-2025 09:59:15.016 INFO [main] org.apache.catalina.core.StandardServer.await Se ha recibido un comando de apagado a través del puerto de apagado. Parando la instancia del Servidor.
26-Aug-2025 09:59:15.016 INFO [main] org.apache.coyote.AbstractProtocol.pause Pausing ProtocolHandler ["http-nio-8080"]
26-Aug-2025 09:59:15.130 INFO [main] org.apache.catalina.core.StandardService.stopInternal Parando servicio [Catalina]
26-Aug-2025 09:59:15.138 WARNING [main] org.apache.catalina.loader.WebappClassLoaderBase.clearReferencesJdbc La aplicación web [market-app] registró el conductor JDBC [org.postgresql.Driver] pero falló al anular el registro mientras la aplicación web estaba parada. Para prevenir un fallo de memoria, se ha anulado el registro del conductor JDBC por la fuerza.
26-Aug-2025 09:59:15.139 INFO [main] org.apache.coyote.AbstractProtocol.stop Stopping ProtocolHandler ["http-nio-8080"]
26-Aug-2025 09:59:15.144 INFO [main] org.apache.coyote.AbstractProtocol.destroy Destroying ProtocolHandler ["http-nio-8080"]
