22-Aug-2025 09:48:28.413 INFO [main] org.apache.catalina.startup.VersionLoggerListener.log Nombre de la versión del servidor: Apache Tomcat/10.1.44
22-Aug-2025 09:48:28.421 INFO [main] org.apache.catalina.startup.VersionLoggerListener.log Server built:                      Aug 4 2025 13:14:17 UTC
22-Aug-2025 09:48:28.421 INFO [main] org.apache.catalina.startup.VersionLoggerListener.log Número de versión de servidor:     10.1.44.0
22-Aug-2025 09:48:28.421 INFO [main] org.apache.catalina.startup.VersionLoggerListener.log OS Name:                           Windows 11
22-Aug-2025 09:48:28.422 INFO [main] org.apache.catalina.startup.VersionLoggerListener.log Versión de Systema Operativo:      10.0
22-Aug-2025 09:48:28.422 INFO [main] org.apache.catalina.startup.VersionLoggerListener.log Arquitectura:                      amd64
22-Aug-2025 09:48:28.422 INFO [main] org.apache.catalina.startup.VersionLoggerListener.log Java Home:                         C:\Program Files\Java\jdk-17
22-Aug-2025 09:48:28.422 INFO [main] org.apache.catalina.startup.VersionLoggerListener.log JVM Version:                       17.0.16+12-LTS-247
22-Aug-2025 09:48:28.422 INFO [main] org.apache.catalina.startup.VersionLoggerListener.log Vededor JVM:                       Oracle Corporation
22-Aug-2025 09:48:28.422 INFO [main] org.apache.catalina.startup.VersionLoggerListener.log CATALINA_BASE:                     C:\Users\Celeste Jimenez\IdeaProjects\BootcampRoshka\apache-tomcat-10.1.44-windows-x64\apache-tomcat-10.1.44
22-Aug-2025 09:48:28.422 INFO [main] org.apache.catalina.startup.VersionLoggerListener.log CATALINA_HOME:                     C:\Users\Celeste Jimenez\IdeaProjects\BootcampRoshka\apache-tomcat-10.1.44-windows-x64\apache-tomcat-10.1.44
22-Aug-2025 09:48:28.445 INFO [main] org.apache.catalina.startup.VersionLoggerListener.log Command line argument:             -Djava.util.logging.config.file=C:\Users\Celeste Jimenez\IdeaProjects\BootcampRoshka\apache-tomcat-10.1.44-windows-x64\apache-tomcat-10.1.44\conf\logging.properties
22-Aug-2025 09:48:28.447 INFO [main] org.apache.catalina.startup.VersionLoggerListener.log Command line argument:             -Djava.util.logging.manager=org.apache.juli.ClassLoaderLogManager
22-Aug-2025 09:48:28.448 INFO [main] org.apache.catalina.startup.VersionLoggerListener.log Command line argument:             -Djdk.tls.ephemeralDHKeySize=2048
22-Aug-2025 09:48:28.448 INFO [main] org.apache.catalina.startup.VersionLoggerListener.log Command line argument:             -Djava.protocol.handler.pkgs=org.apache.catalina.webresources
22-Aug-2025 09:48:28.448 INFO [main] org.apache.catalina.startup.VersionLoggerListener.log Command line argument:             -Dsun.io.useCanonCaches=false
22-Aug-2025 09:48:28.449 INFO [main] org.apache.catalina.startup.VersionLoggerListener.log Command line argument:             --add-opens=java.base/java.lang=ALL-UNNAMED
22-Aug-2025 09:48:28.449 INFO [main] org.apache.catalina.startup.VersionLoggerListener.log Command line argument:             --add-opens=java.base/java.lang.reflect=ALL-UNNAMED
22-Aug-2025 09:48:28.450 INFO [main] org.apache.catalina.startup.VersionLoggerListener.log Command line argument:             --add-opens=java.base/java.io=ALL-UNNAMED
22-Aug-2025 09:48:28.450 INFO [main] org.apache.catalina.startup.VersionLoggerListener.log Command line argument:             --add-opens=java.base/java.util=ALL-UNNAMED
22-Aug-2025 09:48:28.450 INFO [main] org.apache.catalina.startup.VersionLoggerListener.log Command line argument:             --add-opens=java.base/java.util.concurrent=ALL-UNNAMED
22-Aug-2025 09:48:28.451 INFO [main] org.apache.catalina.startup.VersionLoggerListener.log Command line argument:             --add-opens=java.rmi/sun.rmi.transport=ALL-UNNAMED
22-Aug-2025 09:48:28.451 INFO [main] org.apache.catalina.startup.VersionLoggerListener.log Command line argument:             -Dcatalina.base=C:\Users\Celeste Jimenez\IdeaProjects\BootcampRoshka\apache-tomcat-10.1.44-windows-x64\apache-tomcat-10.1.44
22-Aug-2025 09:48:28.451 INFO [main] org.apache.catalina.startup.VersionLoggerListener.log Command line argument:             -Dcatalina.home=C:\Users\Celeste Jimenez\IdeaProjects\BootcampRoshka\apache-tomcat-10.1.44-windows-x64\apache-tomcat-10.1.44
22-Aug-2025 09:48:28.451 INFO [main] org.apache.catalina.startup.VersionLoggerListener.log Command line argument:             -Djava.io.tmpdir=C:\Users\Celeste Jimenez\IdeaProjects\BootcampRoshka\apache-tomcat-10.1.44-windows-x64\apache-tomcat-10.1.44\temp
22-Aug-2025 09:48:28.458 INFO [main] org.apache.catalina.core.AprLifecycleListener.lifecycleEvent Cargada la biblioteca nativa APR de Apache Tomcat [2.0.9] con la versión APR [1.7.6].
22-Aug-2025 09:48:28.473 INFO [main] org.apache.catalina.core.AprLifecycleListener.initializeSSL OpenSSL inicializado correctamente [OpenSSL 3.5.0 8 Apr 2025]
22-Aug-2025 09:48:28.827 INFO [main] org.apache.coyote.AbstractProtocol.init Inicializando el manejador de protocolo ["http-nio-8080"]

22-Aug-2025 09:48:28.867 INFO [main] org.apache.catalina.startup.Catalina.load Server initialization in [732] milliseconds
22-Aug-2025 09:48:28.949 INFO [main] org.apache.catalina.core.StandardService.startInternal Arrancando servicio [Catalina]
22-Aug-2025 09:48:28.949 INFO [main] org.apache.catalina.core.StandardEngine.startInternal Starting Servlet engine: [Apache Tomcat/10.1.44]
22-Aug-2025 09:48:28.969 INFO [main] org.apache.catalina.startup.HostConfig.deployDirectory Desplegando el directorio [C:\Users\Celeste Jimenez\IdeaProjects\BootcampRoshka\apache-tomcat-10.1.44-windows-x64\apache-tomcat-10.1.44\webapps\docs] de la aplicación web
22-Aug-2025 09:48:29.487 INFO [main] org.apache.catalina.startup.HostConfig.deployDirectory Deployment of web application directory [C:\Users\Celeste Jimenez\IdeaProjects\BootcampRoshka\apache-tomcat-10.1.44-windows-x64\apache-tomcat-10.1.44\webapps\docs] has finished in [514] ms
22-Aug-2025 09:48:29.488 INFO [main] org.apache.catalina.startup.HostConfig.deployDirectory Desplegando el directorio [C:\Users\Celeste Jimenez\IdeaProjects\BootcampRoshka\apache-tomcat-10.1.44-windows-x64\apache-tomcat-10.1.44\webapps\examples] de la aplicación web
22-Aug-2025 09:48:30.187 INFO [main] org.apache.catalina.startup.HostConfig.deployDirectory Deployment of web application directory [C:\Users\Celeste Jimenez\IdeaProjects\BootcampRoshka\apache-tomcat-10.1.44-windows-x64\apache-tomcat-10.1.44\webapps\examples] has finished in [700] ms
22-Aug-2025 09:48:30.188 INFO [main] org.apache.catalina.startup.HostConfig.deployDirectory Desplegando el directorio [C:\Users\Celeste Jimenez\IdeaProjects\BootcampRoshka\apache-tomcat-10.1.44-windows-x64\apache-tomcat-10.1.44\webapps\host-manager] de la aplicación web
22-Aug-2025 09:48:30.259 INFO [main] org.apache.catalina.startup.HostConfig.deployDirectory Deployment of web application directory [C:\Users\Celeste Jimenez\IdeaProjects\BootcampRoshka\apache-tomcat-10.1.44-windows-x64\apache-tomcat-10.1.44\webapps\host-manager] has finished in [71] ms
22-Aug-2025 09:48:30.260 INFO [main] org.apache.catalina.startup.HostConfig.deployDirectory Desplegando el directorio [C:\Users\Celeste Jimenez\IdeaProjects\BootcampRoshka\apache-tomcat-10.1.44-windows-x64\apache-tomcat-10.1.44\webapps\manager] de la aplicación web
22-Aug-2025 09:48:30.309 INFO [main] org.apache.catalina.startup.HostConfig.deployDirectory Deployment of web application directory [C:\Users\Celeste Jimenez\IdeaProjects\BootcampRoshka\apache-tomcat-10.1.44-windows-x64\apache-tomcat-10.1.44\webapps\manager] has finished in [50] ms
22-Aug-2025 09:48:30.310 INFO [main] org.apache.catalina.startup.HostConfig.deployDirectory Desplegando el directorio [C:\Users\Celeste Jimenez\IdeaProjects\BootcampRoshka\apache-tomcat-10.1.44-windows-x64\apache-tomcat-10.1.44\webapps\ROOT] de la aplicación web
22-Aug-2025 09:48:30.346 INFO [main] org.apache.catalina.startup.HostConfig.deployDirectory Deployment of web application directory [C:\Users\Celeste Jimenez\IdeaProjects\BootcampRoshka\apache-tomcat-10.1.44-windows-x64\apache-tomcat-10.1.44\webapps\ROOT] has finished in [36] ms
22-Aug-2025 09:48:30.353 INFO [main] org.apache.coyote.AbstractProtocol.start Starting ProtocolHandler ["http-nio-8080"]
22-Aug-2025 09:48:30.441 INFO [main] org.apache.catalina.startup.Catalina.start Server startup in [1573] milliseconds
22-Aug-2025 09:48:34.502 INFO [http-nio-8080-exec-10] org.apache.catalina.startup.HostConfig.deployDescriptor Desplieque del descriptor de configuración [C:\Users\Celeste Jimenez\IdeaProjects\BootcampRoshka\apache-tomcat-10.1.44-windows-x64\apache-tomcat-10.1.44\conf\Catalina\localhost\market-app.xml]
22-Aug-2025 09:48:34.505 WARNING [http-nio-8080-exec-10] org.apache.catalina.startup.HostConfig.deployDescriptor The path attribute with value [/market-app] in deployment descriptor [C:\Users\Celeste Jimenez\IdeaProjects\BootcampRoshka\apache-tomcat-10.1.44-windows-x64\apache-tomcat-10.1.44\conf\Catalina\localhost\market-app.xml] has been ignored
22-Aug-2025 09:48:34.804 INFO [http-nio-8080-exec-10] org.apache.jasper.servlet.TldScanner.scanJars Al menos un JAR, que se ha explorado buscando TLDs, aún no contenía TLDs. Activar historial de depuración para este historiador para una completa lista de los JARs que fueron explorados y de los que nos se halló TLDs. Saltarse JARs no necesarios durante la exploración puede dar lugar a una mejora de tiempo significativa en el arranque y compilación de JSP .
22-Aug-2025 09:48:34.819 INFO [http-nio-8080-exec-10] org.apache.catalina.startup.HostConfig.deployDescriptor Deployment of deployment descriptor [C:\Users\Celeste Jimenez\IdeaProjects\BootcampRoshka\apache-tomcat-10.1.44-windows-x64\apache-tomcat-10.1.44\conf\Catalina\localhost\market-app.xml] has finished in [317] ms
22-Aug-2025 09:48:34.825 INFO [http-nio-8080-exec-1] org.apache.catalina.util.LifecycleBase.start The start() method was called on component [StandardEngine[Catalina].StandardHost[localhost].StandardContext[/market-app]] after start() had already been called. The second call will be ignored.
22-Aug-2025 09:51:43.271 INFO [http-nio-8080-exec-2] org.apache.catalina.startup.HostConfig.undeploy Repliegue (undeploy) de la aplicación web que tiene como trayectoria de contexto [/market-app]
22-Aug-2025 09:52:09.773 INFO [http-nio-8080-exec-5] org.apache.catalina.startup.HostConfig.deployDescriptor Desplieque del descriptor de configuración [C:\Users\Celeste Jimenez\IdeaProjects\BootcampRoshka\apache-tomcat-10.1.44-windows-x64\apache-tomcat-10.1.44\conf\Catalina\localhost\market-app.xml]
22-Aug-2025 09:52:09.775 WARNING [http-nio-8080-exec-5] org.apache.catalina.startup.HostConfig.deployDescriptor The path attribute with value [/market-app] in deployment descriptor [C:\Users\Celeste Jimenez\IdeaProjects\BootcampRoshka\apache-tomcat-10.1.44-windows-x64\apache-tomcat-10.1.44\conf\Catalina\localhost\market-app.xml] has been ignored
22-Aug-2025 09:52:09.976 INFO [http-nio-8080-exec-5] org.apache.jasper.servlet.TldScanner.scanJars Al menos un JAR, que se ha explorado buscando TLDs, aún no contenía TLDs. Activar historial de depuración para este historiador para una completa lista de los JARs que fueron explorados y de los que nos se halló TLDs. Saltarse JARs no necesarios durante la exploración puede dar lugar a una mejora de tiempo significativa en el arranque y compilación de JSP .
22-Aug-2025 09:52:09.979 INFO [http-nio-8080-exec-5] org.apache.catalina.startup.HostConfig.deployDescriptor Deployment of deployment descriptor [C:\Users\Celeste Jimenez\IdeaProjects\BootcampRoshka\apache-tomcat-10.1.44-windows-x64\apache-tomcat-10.1.44\conf\Catalina\localhost\market-app.xml] has finished in [206] ms
22-Aug-2025 09:52:09.983 INFO [http-nio-8080-exec-4] org.apache.catalina.util.LifecycleBase.start The start() method was called on component [StandardEngine[Catalina].StandardHost[localhost].StandardContext[/market-app]] after start() had already been called. The second call will be ignored.
22-Aug-2025 10:20:13.903 INFO [main] org.apache.catalina.core.StandardServer.await Se ha recibido un comando de apagado a través del puerto de apagado. Parando la instancia del Servidor.
22-Aug-2025 10:20:13.903 INFO [main] org.apache.coyote.AbstractProtocol.pause Pausing ProtocolHandler ["http-nio-8080"]
22-Aug-2025 10:20:14.001 INFO [main] org.apache.catalina.core.StandardService.stopInternal Parando servicio [Catalina]
22-Aug-2025 10:20:14.034 WARNING [main] org.apache.catalina.loader.WebappClassLoaderBase.clearReferencesJdbc La aplicación web [market-app] registró el conductor JDBC [org.postgresql.Driver] pero falló al anular el registro mientras la aplicación web estaba parada. Para prevenir un fallo de memoria, se ha anulado el registro del conductor JDBC por la fuerza.
22-Aug-2025 10:20:14.040 INFO [main] org.apache.coyote.AbstractProtocol.stop Stopping ProtocolHandler ["http-nio-8080"]
22-Aug-2025 10:20:14.054 INFO [main] org.apache.coyote.AbstractProtocol.destroy Destroying ProtocolHandler ["http-nio-8080"]
22-Aug-2025 17:28:23.787 INFO [main] org.apache.catalina.startup.VersionLoggerListener.log Nombre de la versión del servidor: Apache Tomcat/10.1.44
22-Aug-2025 17:28:23.793 INFO [main] org.apache.catalina.startup.VersionLoggerListener.log Server built:                      Aug 4 2025 13:14:17 UTC
22-Aug-2025 17:28:23.793 INFO [main] org.apache.catalina.startup.VersionLoggerListener.log Número de versión de servidor:     10.1.44.0
22-Aug-2025 17:28:23.795 INFO [main] org.apache.catalina.startup.VersionLoggerListener.log OS Name:                           Windows 11
22-Aug-2025 17:28:23.795 INFO [main] org.apache.catalina.startup.VersionLoggerListener.log Versión de Systema Operativo:      10.0
22-Aug-2025 17:28:23.796 INFO [main] org.apache.catalina.startup.VersionLoggerListener.log Arquitectura:                      amd64
22-Aug-2025 17:28:23.796 INFO [main] org.apache.catalina.startup.VersionLoggerListener.log Java Home:                         C:\Program Files\Java\jdk-17
22-Aug-2025 17:28:23.796 INFO [main] org.apache.catalina.startup.VersionLoggerListener.log JVM Version:                       17.0.16+12-LTS-247
22-Aug-2025 17:28:23.796 INFO [main] org.apache.catalina.startup.VersionLoggerListener.log Vededor JVM:                       Oracle Corporation
22-Aug-2025 17:28:23.796 INFO [main] org.apache.catalina.startup.VersionLoggerListener.log CATALINA_BASE:                     C:\Users\Celeste Jimenez\IdeaProjects\BootcampRoshka\apache-tomcat-10.1.44-windows-x64\apache-tomcat-10.1.44
22-Aug-2025 17:28:23.796 INFO [main] org.apache.catalina.startup.VersionLoggerListener.log CATALINA_HOME:                     C:\Users\Celeste Jimenez\IdeaProjects\BootcampRoshka\apache-tomcat-10.1.44-windows-x64\apache-tomcat-10.1.44
22-Aug-2025 17:28:23.816 INFO [main] org.apache.catalina.startup.VersionLoggerListener.log Command line argument:             -Djava.util.logging.config.file=C:\Users\Celeste Jimenez\IdeaProjects\BootcampRoshka\apache-tomcat-10.1.44-windows-x64\apache-tomcat-10.1.44\conf\logging.properties
22-Aug-2025 17:28:23.816 INFO [main] org.apache.catalina.startup.VersionLoggerListener.log Command line argument:             -Djava.util.logging.manager=org.apache.juli.ClassLoaderLogManager
22-Aug-2025 17:28:23.817 INFO [main] org.apache.catalina.startup.VersionLoggerListener.log Command line argument:             -Djdk.tls.ephemeralDHKeySize=2048
22-Aug-2025 17:28:23.817 INFO [main] org.apache.catalina.startup.VersionLoggerListener.log Command line argument:             -Djava.protocol.handler.pkgs=org.apache.catalina.webresources
22-Aug-2025 17:28:23.817 INFO [main] org.apache.catalina.startup.VersionLoggerListener.log Command line argument:             -Dsun.io.useCanonCaches=false
22-Aug-2025 17:28:23.817 INFO [main] org.apache.catalina.startup.VersionLoggerListener.log Command line argument:             --add-opens=java.base/java.lang=ALL-UNNAMED
22-Aug-2025 17:28:23.817 INFO [main] org.apache.catalina.startup.VersionLoggerListener.log Command line argument:             --add-opens=java.base/java.lang.reflect=ALL-UNNAMED
22-Aug-2025 17:28:23.817 INFO [main] org.apache.catalina.startup.VersionLoggerListener.log Command line argument:             --add-opens=java.base/java.io=ALL-UNNAMED
22-Aug-2025 17:28:23.819 INFO [main] org.apache.catalina.startup.VersionLoggerListener.log Command line argument:             --add-opens=java.base/java.util=ALL-UNNAMED
22-Aug-2025 17:28:23.819 INFO [main] org.apache.catalina.startup.VersionLoggerListener.log Command line argument:             --add-opens=java.base/java.util.concurrent=ALL-UNNAMED
22-Aug-2025 17:28:23.819 INFO [main] org.apache.catalina.startup.VersionLoggerListener.log Command line argument:             --add-opens=java.rmi/sun.rmi.transport=ALL-UNNAMED
22-Aug-2025 17:28:23.820 INFO [main] org.apache.catalina.startup.VersionLoggerListener.log Command line argument:             -Dcatalina.base=C:\Users\Celeste Jimenez\IdeaProjects\BootcampRoshka\apache-tomcat-10.1.44-windows-x64\apache-tomcat-10.1.44
22-Aug-2025 17:28:23.820 INFO [main] org.apache.catalina.startup.VersionLoggerListener.log Command line argument:             -Dcatalina.home=C:\Users\Celeste Jimenez\IdeaProjects\BootcampRoshka\apache-tomcat-10.1.44-windows-x64\apache-tomcat-10.1.44
22-Aug-2025 17:28:23.889 INFO [main] org.apache.catalina.startup.VersionLoggerListener.log Command line argument:             -Djava.io.tmpdir=C:\Users\Celeste Jimenez\IdeaProjects\BootcampRoshka\apache-tomcat-10.1.44-windows-x64\apache-tomcat-10.1.44\temp
22-Aug-2025 17:28:23.899 INFO [main] org.apache.catalina.core.AprLifecycleListener.lifecycleEvent Cargada la biblioteca nativa APR de Apache Tomcat [2.0.9] con la versión APR [1.7.6].
22-Aug-2025 17:28:23.922 INFO [main] org.apache.catalina.core.AprLifecycleListener.initializeSSL OpenSSL inicializado correctamente [OpenSSL 3.5.0 8 Apr 2025]
22-Aug-2025 17:28:24.178 INFO [main] org.apache.coyote.AbstractProtocol.init Inicializando el manejador de protocolo ["http-nio-8080"]

22-Aug-2025 17:28:24.209 INFO [main] org.apache.catalina.startup.Catalina.load Server initialization in [658] milliseconds
22-Aug-2025 17:28:24.268 INFO [main] org.apache.catalina.core.StandardService.startInternal Arrancando servicio [Catalina]
22-Aug-2025 17:28:24.268 INFO [main] org.apache.catalina.core.StandardEngine.startInternal Starting Servlet engine: [Apache Tomcat/10.1.44]
22-Aug-2025 17:28:24.281 INFO [main] org.apache.catalina.startup.HostConfig.deployDescriptor Desplieque del descriptor de configuración [C:\Users\Celeste Jimenez\IdeaProjects\BootcampRoshka\apache-tomcat-10.1.44-windows-x64\apache-tomcat-10.1.44\conf\Catalina\localhost\market-app.xml]
22-Aug-2025 17:28:24.296 WARNING [main] org.apache.catalina.startup.HostConfig.deployDescriptor The path attribute with value [/market-app] in deployment descriptor [C:\Users\Celeste Jimenez\IdeaProjects\BootcampRoshka\apache-tomcat-10.1.44-windows-x64\apache-tomcat-10.1.44\conf\Catalina\localhost\market-app.xml] has been ignored
22-Aug-2025 17:28:24.814 INFO [main] org.apache.jasper.servlet.TldScanner.scanJars Al menos un JAR, que se ha explorado buscando TLDs, aún no contenía TLDs. Activar historial de depuración para este historiador para una completa lista de los JARs que fueron explorados y de los que nos se halló TLDs. Saltarse JARs no necesarios durante la exploración puede dar lugar a una mejora de tiempo significativa en el arranque y compilación de JSP .
22-Aug-2025 17:28:24.919 INFO [main] org.apache.catalina.startup.HostConfig.deployDescriptor Deployment of deployment descriptor [C:\Users\Celeste Jimenez\IdeaProjects\BootcampRoshka\apache-tomcat-10.1.44-windows-x64\apache-tomcat-10.1.44\conf\Catalina\localhost\market-app.xml] has finished in [635] ms
22-Aug-2025 17:28:24.920 INFO [main] org.apache.catalina.startup.HostConfig.deployDirectory Desplegando el directorio [C:\Users\Celeste Jimenez\IdeaProjects\BootcampRoshka\apache-tomcat-10.1.44-windows-x64\apache-tomcat-10.1.44\webapps\docs] de la aplicación web
22-Aug-2025 17:28:24.971 INFO [main] org.apache.catalina.startup.HostConfig.deployDirectory Deployment of web application directory [C:\Users\Celeste Jimenez\IdeaProjects\BootcampRoshka\apache-tomcat-10.1.44-windows-x64\apache-tomcat-10.1.44\webapps\docs] has finished in [51] ms
22-Aug-2025 17:28:24.972 INFO [main] org.apache.catalina.startup.HostConfig.deployDirectory Desplegando el directorio [C:\Users\Celeste Jimenez\IdeaProjects\BootcampRoshka\apache-tomcat-10.1.44-windows-x64\apache-tomcat-10.1.44\webapps\examples] de la aplicación web
22-Aug-2025 17:28:25.426 INFO [main] org.apache.catalina.startup.HostConfig.deployDirectory Deployment of web application directory [C:\Users\Celeste Jimenez\IdeaProjects\BootcampRoshka\apache-tomcat-10.1.44-windows-x64\apache-tomcat-10.1.44\webapps\examples] has finished in [454] ms
22-Aug-2025 17:28:25.427 INFO [main] org.apache.catalina.startup.HostConfig.deployDirectory Desplegando el directorio [C:\Users\Celeste Jimenez\IdeaProjects\BootcampRoshka\apache-tomcat-10.1.44-windows-x64\apache-tomcat-10.1.44\webapps\host-manager] de la aplicación web
22-Aug-2025 17:28:25.468 INFO [main] org.apache.catalina.startup.HostConfig.deployDirectory Deployment of web application directory [C:\Users\Celeste Jimenez\IdeaProjects\BootcampRoshka\apache-tomcat-10.1.44-windows-x64\apache-tomcat-10.1.44\webapps\host-manager] has finished in [41] ms
22-Aug-2025 17:28:25.469 INFO [main] org.apache.catalina.startup.HostConfig.deployDirectory Desplegando el directorio [C:\Users\Celeste Jimenez\IdeaProjects\BootcampRoshka\apache-tomcat-10.1.44-windows-x64\apache-tomcat-10.1.44\webapps\manager] de la aplicación web
22-Aug-2025 17:28:25.511 INFO [main] org.apache.catalina.startup.HostConfig.deployDirectory Deployment of web application directory [C:\Users\Celeste Jimenez\IdeaProjects\BootcampRoshka\apache-tomcat-10.1.44-windows-x64\apache-tomcat-10.1.44\webapps\manager] has finished in [42] ms
22-Aug-2025 17:28:25.512 INFO [main] org.apache.catalina.startup.HostConfig.deployDirectory Desplegando el directorio [C:\Users\Celeste Jimenez\IdeaProjects\BootcampRoshka\apache-tomcat-10.1.44-windows-x64\apache-tomcat-10.1.44\webapps\ROOT] de la aplicación web
22-Aug-2025 17:28:25.547 INFO [main] org.apache.catalina.startup.HostConfig.deployDirectory Deployment of web application directory [C:\Users\Celeste Jimenez\IdeaProjects\BootcampRoshka\apache-tomcat-10.1.44-windows-x64\apache-tomcat-10.1.44\webapps\ROOT] has finished in [34] ms
22-Aug-2025 17:28:25.551 INFO [main] org.apache.coyote.AbstractProtocol.start Starting ProtocolHandler ["http-nio-8080"]
22-Aug-2025 17:28:25.614 INFO [main] org.apache.catalina.startup.Catalina.start Server startup in [1405] milliseconds
22-Aug-2025 17:28:29.746 INFO [http-nio-8080-exec-9] org.apache.catalina.startup.HostConfig.undeploy Repliegue (undeploy) de la aplicación web que tiene como trayectoria de contexto [/market-app]
22-Aug-2025 17:28:29.799 INFO [http-nio-8080-exec-10] org.apache.catalina.startup.HostConfig.deployDescriptor Desplieque del descriptor de configuración [C:\Users\Celeste Jimenez\IdeaProjects\BootcampRoshka\apache-tomcat-10.1.44-windows-x64\apache-tomcat-10.1.44\conf\Catalina\localhost\market-app.xml]
22-Aug-2025 17:28:29.801 WARNING [http-nio-8080-exec-10] org.apache.catalina.startup.HostConfig.deployDescriptor The path attribute with value [/market-app] in deployment descriptor [C:\Users\Celeste Jimenez\IdeaProjects\BootcampRoshka\apache-tomcat-10.1.44-windows-x64\apache-tomcat-10.1.44\conf\Catalina\localhost\market-app.xml] has been ignored
22-Aug-2025 17:28:30.055 INFO [http-nio-8080-exec-10] org.apache.jasper.servlet.TldScanner.scanJars Al menos un JAR, que se ha explorado buscando TLDs, aún no contenía TLDs. Activar historial de depuración para este historiador para una completa lista de los JARs que fueron explorados y de los que nos se halló TLDs. Saltarse JARs no necesarios durante la exploración puede dar lugar a una mejora de tiempo significativa en el arranque y compilación de JSP .
22-Aug-2025 17:28:30.060 INFO [http-nio-8080-exec-10] org.apache.catalina.startup.HostConfig.deployDescriptor Deployment of deployment descriptor [C:\Users\Celeste Jimenez\IdeaProjects\BootcampRoshka\apache-tomcat-10.1.44-windows-x64\apache-tomcat-10.1.44\conf\Catalina\localhost\market-app.xml] has finished in [261] ms
22-Aug-2025 17:28:30.065 INFO [http-nio-8080-exec-6] org.apache.catalina.util.LifecycleBase.start The start() method was called on component [StandardEngine[Catalina].StandardHost[localhost].StandardContext[/market-app]] after start() had already been called. The second call will be ignored.
