24-Aug-2025 20:11:08.858 INFO [main] org.apache.catalina.core.StandardServer.await Se ha recibido un comando de apagado a través del puerto de apagado. Parando la instancia del Servidor.
24-Aug-2025 20:11:08.860 INFO [main] org.apache.coyote.AbstractProtocol.pause Pausing ProtocolHandler ["http-nio-8080"]
24-Aug-2025 20:11:08.933 INFO [main] org.apache.catalina.core.StandardService.stopInternal Parando servicio [Catalina]
24-Aug-2025 20:11:08.974 WARNING [main] org.apache.catalina.loader.WebappClassLoaderBase.clearReferencesJdbc La aplicación web [market-app] registró el conductor JDBC [org.postgresql.Driver] pero falló al anular el registro mientras la aplicación web estaba parada. Para prevenir un fallo de memoria, se ha anulado el registro del conductor JDBC por la fuerza.
24-Aug-2025 20:11:08.979 INFO [main] org.apache.coyote.AbstractProtocol.stop Stopping ProtocolHandler ["http-nio-8080"]
24-Aug-2025 20:11:08.993 INFO [main] org.apache.coyote.AbstractProtocol.destroy Destroying ProtocolHandler ["http-nio-8080"]
24-Aug-2025 20:45:39.603 INFO [main] org.apache.catalina.startup.VersionLoggerListener.log Nombre de la versión del servidor: Apache Tomcat/10.1.44
24-Aug-2025 20:45:39.610 INFO [main] org.apache.catalina.startup.VersionLoggerListener.log Server built:                      Aug 4 2025 13:14:17 UTC
24-Aug-2025 20:45:39.612 INFO [main] org.apache.catalina.startup.VersionLoggerListener.log Número de versión de servidor:     10.1.44.0
24-Aug-2025 20:45:39.612 INFO [main] org.apache.catalina.startup.VersionLoggerListener.log OS Name:                           Windows 11
24-Aug-2025 20:45:39.612 INFO [main] org.apache.catalina.startup.VersionLoggerListener.log Versión de Systema Operativo:      10.0
24-Aug-2025 20:45:39.613 INFO [main] org.apache.catalina.startup.VersionLoggerListener.log Arquitectura:                      amd64
24-Aug-2025 20:45:39.616 INFO [main] org.apache.catalina.startup.VersionLoggerListener.log Java Home:                         C:\Program Files\Java\jdk-17
24-Aug-2025 20:45:39.617 INFO [main] org.apache.catalina.startup.VersionLoggerListener.log JVM Version:                       17.0.16+12-LTS-247
24-Aug-2025 20:45:39.617 INFO [main] org.apache.catalina.startup.VersionLoggerListener.log Vededor JVM:                       Oracle Corporation
24-Aug-2025 20:45:39.618 INFO [main] org.apache.catalina.startup.VersionLoggerListener.log CATALINA_BASE:                     C:\Users\Celeste Jimenez\IdeaProjects\BootcampRoshka\apache-tomcat-10.1.44-windows-x64\apache-tomcat-10.1.44
24-Aug-2025 20:45:39.618 INFO [main] org.apache.catalina.startup.VersionLoggerListener.log CATALINA_HOME:                     C:\Users\Celeste Jimenez\IdeaProjects\BootcampRoshka\apache-tomcat-10.1.44-windows-x64\apache-tomcat-10.1.44
24-Aug-2025 20:45:39.637 INFO [main] org.apache.catalina.startup.VersionLoggerListener.log Command line argument:             -Djava.util.logging.config.file=C:\Users\Celeste Jimenez\IdeaProjects\BootcampRoshka\apache-tomcat-10.1.44-windows-x64\apache-tomcat-10.1.44\conf\logging.properties
24-Aug-2025 20:45:39.637 INFO [main] org.apache.catalina.startup.VersionLoggerListener.log Command line argument:             -Djava.util.logging.manager=org.apache.juli.ClassLoaderLogManager
24-Aug-2025 20:45:39.638 INFO [main] org.apache.catalina.startup.VersionLoggerListener.log Command line argument:             -Djdk.tls.ephemeralDHKeySize=2048
24-Aug-2025 20:45:39.638 INFO [main] org.apache.catalina.startup.VersionLoggerListener.log Command line argument:             -Djava.protocol.handler.pkgs=org.apache.catalina.webresources
24-Aug-2025 20:45:39.638 INFO [main] org.apache.catalina.startup.VersionLoggerListener.log Command line argument:             -Dsun.io.useCanonCaches=false
24-Aug-2025 20:45:39.639 INFO [main] org.apache.catalina.startup.VersionLoggerListener.log Command line argument:             --add-opens=java.base/java.lang=ALL-UNNAMED
24-Aug-2025 20:45:39.639 INFO [main] org.apache.catalina.startup.VersionLoggerListener.log Command line argument:             --add-opens=java.base/java.lang.reflect=ALL-UNNAMED
24-Aug-2025 20:45:39.640 INFO [main] org.apache.catalina.startup.VersionLoggerListener.log Command line argument:             --add-opens=java.base/java.io=ALL-UNNAMED
24-Aug-2025 20:45:39.640 INFO [main] org.apache.catalina.startup.VersionLoggerListener.log Command line argument:             --add-opens=java.base/java.util=ALL-UNNAMED
24-Aug-2025 20:45:39.640 INFO [main] org.apache.catalina.startup.VersionLoggerListener.log Command line argument:             --add-opens=java.base/java.util.concurrent=ALL-UNNAMED
24-Aug-2025 20:45:39.641 INFO [main] org.apache.catalina.startup.VersionLoggerListener.log Command line argument:             --add-opens=java.rmi/sun.rmi.transport=ALL-UNNAMED
24-Aug-2025 20:45:39.641 INFO [main] org.apache.catalina.startup.VersionLoggerListener.log Command line argument:             -Dcatalina.base=C:\Users\Celeste Jimenez\IdeaProjects\BootcampRoshka\apache-tomcat-10.1.44-windows-x64\apache-tomcat-10.1.44
24-Aug-2025 20:45:39.641 INFO [main] org.apache.catalina.startup.VersionLoggerListener.log Command line argument:             -Dcatalina.home=C:\Users\Celeste Jimenez\IdeaProjects\BootcampRoshka\apache-tomcat-10.1.44-windows-x64\apache-tomcat-10.1.44
24-Aug-2025 20:45:39.641 INFO [main] org.apache.catalina.startup.VersionLoggerListener.log Command line argument:             -Djava.io.tmpdir=C:\Users\Celeste Jimenez\IdeaProjects\BootcampRoshka\apache-tomcat-10.1.44-windows-x64\apache-tomcat-10.1.44\temp
24-Aug-2025 20:45:39.646 INFO [main] org.apache.catalina.core.AprLifecycleListener.lifecycleEvent Cargada la biblioteca nativa APR de Apache Tomcat [2.0.9] con la versión APR [1.7.6].
24-Aug-2025 20:45:39.653 INFO [main] org.apache.catalina.core.AprLifecycleListener.initializeSSL OpenSSL inicializado correctamente [OpenSSL 3.5.0 8 Apr 2025]
24-Aug-2025 20:45:39.977 INFO [main] org.apache.coyote.AbstractProtocol.init Inicializando el manejador de protocolo ["http-nio-8080"]

24-Aug-2025 20:45:40.012 INFO [main] org.apache.catalina.startup.Catalina.load Server initialization in [669] milliseconds
24-Aug-2025 20:45:40.087 INFO [main] org.apache.catalina.core.StandardService.startInternal Arrancando servicio [Catalina]
24-Aug-2025 20:45:40.087 INFO [main] org.apache.catalina.core.StandardEngine.startInternal Starting Servlet engine: [Apache Tomcat/10.1.44]
24-Aug-2025 20:45:40.105 INFO [main] org.apache.catalina.startup.HostConfig.deployDescriptor Desplieque del descriptor de configuración [C:\Users\Celeste Jimenez\IdeaProjects\BootcampRoshka\apache-tomcat-10.1.44-windows-x64\apache-tomcat-10.1.44\conf\Catalina\localhost\market-app.xml]
24-Aug-2025 20:45:40.122 WARNING [main] org.apache.catalina.startup.HostConfig.deployDescriptor The path attribute with value [/market-app] in deployment descriptor [C:\Users\Celeste Jimenez\IdeaProjects\BootcampRoshka\apache-tomcat-10.1.44-windows-x64\apache-tomcat-10.1.44\conf\Catalina\localhost\market-app.xml] has been ignored
24-Aug-2025 20:45:40.803 INFO [main] org.apache.jasper.servlet.TldScanner.scanJars Al menos un JAR, que se ha explorado buscando TLDs, aún no contenía TLDs. Activar historial de depuración para este historiador para una completa lista de los JARs que fueron explorados y de los que nos se halló TLDs. Saltarse JARs no necesarios durante la exploración puede dar lugar a una mejora de tiempo significativa en el arranque y compilación de JSP .
24-Aug-2025 20:45:40.924 INFO [main] org.apache.catalina.startup.HostConfig.deployDescriptor Deployment of deployment descriptor [C:\Users\Celeste Jimenez\IdeaProjects\BootcampRoshka\apache-tomcat-10.1.44-windows-x64\apache-tomcat-10.1.44\conf\Catalina\localhost\market-app.xml] has finished in [815] ms
24-Aug-2025 20:45:40.925 INFO [main] org.apache.catalina.startup.HostConfig.deployDirectory Desplegando el directorio [C:\Users\Celeste Jimenez\IdeaProjects\BootcampRoshka\apache-tomcat-10.1.44-windows-x64\apache-tomcat-10.1.44\webapps\docs] de la aplicación web
24-Aug-2025 20:45:40.993 INFO [main] org.apache.catalina.startup.HostConfig.deployDirectory Deployment of web application directory [C:\Users\Celeste Jimenez\IdeaProjects\BootcampRoshka\apache-tomcat-10.1.44-windows-x64\apache-tomcat-10.1.44\webapps\docs] has finished in [67] ms
24-Aug-2025 20:45:40.993 INFO [main] org.apache.catalina.startup.HostConfig.deployDirectory Desplegando el directorio [C:\Users\Celeste Jimenez\IdeaProjects\BootcampRoshka\apache-tomcat-10.1.44-windows-x64\apache-tomcat-10.1.44\webapps\examples] de la aplicación web
24-Aug-2025 20:45:41.611 INFO [main] org.apache.catalina.startup.HostConfig.deployDirectory Deployment of web application directory [C:\Users\Celeste Jimenez\IdeaProjects\BootcampRoshka\apache-tomcat-10.1.44-windows-x64\apache-tomcat-10.1.44\webapps\examples] has finished in [618] ms
24-Aug-2025 20:45:41.612 INFO [main] org.apache.catalina.startup.HostConfig.deployDirectory Desplegando el directorio [C:\Users\Celeste Jimenez\IdeaProjects\BootcampRoshka\apache-tomcat-10.1.44-windows-x64\apache-tomcat-10.1.44\webapps\host-manager] de la aplicación web
24-Aug-2025 20:45:41.672 INFO [main] org.apache.catalina.startup.HostConfig.deployDirectory Deployment of web application directory [C:\Users\Celeste Jimenez\IdeaProjects\BootcampRoshka\apache-tomcat-10.1.44-windows-x64\apache-tomcat-10.1.44\webapps\host-manager] has finished in [61] ms
24-Aug-2025 20:45:41.673 INFO [main] org.apache.catalina.startup.HostConfig.deployDirectory Desplegando el directorio [C:\Users\Celeste Jimenez\IdeaProjects\BootcampRoshka\apache-tomcat-10.1.44-windows-x64\apache-tomcat-10.1.44\webapps\manager] de la aplicación web
24-Aug-2025 20:45:41.730 INFO [main] org.apache.catalina.startup.HostConfig.deployDirectory Deployment of web application directory [C:\Users\Celeste Jimenez\IdeaProjects\BootcampRoshka\apache-tomcat-10.1.44-windows-x64\apache-tomcat-10.1.44\webapps\manager] has finished in [58] ms
24-Aug-2025 20:45:41.731 INFO [main] org.apache.catalina.startup.HostConfig.deployDirectory Desplegando el directorio [C:\Users\Celeste Jimenez\IdeaProjects\BootcampRoshka\apache-tomcat-10.1.44-windows-x64\apache-tomcat-10.1.44\webapps\ROOT] de la aplicación web
24-Aug-2025 20:45:41.776 INFO [main] org.apache.catalina.startup.HostConfig.deployDirectory Deployment of web application directory [C:\Users\Celeste Jimenez\IdeaProjects\BootcampRoshka\apache-tomcat-10.1.44-windows-x64\apache-tomcat-10.1.44\webapps\ROOT] has finished in [44] ms
24-Aug-2025 20:45:41.782 INFO [main] org.apache.coyote.AbstractProtocol.start Starting ProtocolHandler ["http-nio-8080"]
24-Aug-2025 20:45:41.866 INFO [main] org.apache.catalina.startup.Catalina.start Server startup in [1853] milliseconds
24-Aug-2025 20:45:45.748 INFO [http-nio-8080-exec-9] org.apache.catalina.startup.HostConfig.undeploy Repliegue (undeploy) de la aplicación web que tiene como trayectoria de contexto [/market-app]
24-Aug-2025 20:45:45.831 INFO [http-nio-8080-exec-7] org.apache.catalina.startup.HostConfig.deployDescriptor Desplieque del descriptor de configuración [C:\Users\Celeste Jimenez\IdeaProjects\BootcampRoshka\apache-tomcat-10.1.44-windows-x64\apache-tomcat-10.1.44\conf\Catalina\localhost\market-app.xml]
24-Aug-2025 20:45:45.833 WARNING [http-nio-8080-exec-7] org.apache.catalina.startup.HostConfig.deployDescriptor The path attribute with value [/market-app] in deployment descriptor [C:\Users\Celeste Jimenez\IdeaProjects\BootcampRoshka\apache-tomcat-10.1.44-windows-x64\apache-tomcat-10.1.44\conf\Catalina\localhost\market-app.xml] has been ignored
24-Aug-2025 20:45:46.145 INFO [http-nio-8080-exec-7] org.apache.jasper.servlet.TldScanner.scanJars Al menos un JAR, que se ha explorado buscando TLDs, aún no contenía TLDs. Activar historial de depuración para este historiador para una completa lista de los JARs que fueron explorados y de los que nos se halló TLDs. Saltarse JARs no necesarios durante la exploración puede dar lugar a una mejora de tiempo significativa en el arranque y compilación de JSP .
24-Aug-2025 20:45:46.151 INFO [http-nio-8080-exec-7] org.apache.catalina.startup.HostConfig.deployDescriptor Deployment of deployment descriptor [C:\Users\Celeste Jimenez\IdeaProjects\BootcampRoshka\apache-tomcat-10.1.44-windows-x64\apache-tomcat-10.1.44\conf\Catalina\localhost\market-app.xml] has finished in [320] ms
24-Aug-2025 20:45:46.158 INFO [http-nio-8080-exec-4] org.apache.catalina.util.LifecycleBase.start The start() method was called on component [StandardEngine[Catalina].StandardHost[localhost].StandardContext[/market-app]] after start() had already been called. The second call will be ignored.
24-Aug-2025 20:59:19.877 WARNING [http-nio-8080-exec-11] org.apache.catalina.loader.WebappClassLoaderBase.clearReferencesJdbc La aplicación web [market-app] registró el conductor JDBC [org.postgresql.Driver] pero falló al anular el registro mientras la aplicación web estaba parada. Para prevenir un fallo de memoria, se ha anulado el registro del conductor JDBC por la fuerza.
24-Aug-2025 20:59:20.389 INFO [http-nio-8080-exec-11] org.apache.catalina.startup.HostConfig.undeploy Repliegue (undeploy) de la aplicación web que tiene como trayectoria de contexto [/market-app]
24-Aug-2025 20:59:20.440 INFO [http-nio-8080-exec-18] org.apache.catalina.startup.HostConfig.deployDescriptor Desplieque del descriptor de configuración [C:\Users\Celeste Jimenez\IdeaProjects\BootcampRoshka\apache-tomcat-10.1.44-windows-x64\apache-tomcat-10.1.44\conf\Catalina\localhost\market-app.xml]
24-Aug-2025 20:59:20.441 WARNING [http-nio-8080-exec-18] org.apache.catalina.startup.HostConfig.deployDescriptor The path attribute with value [/market-app] in deployment descriptor [C:\Users\Celeste Jimenez\IdeaProjects\BootcampRoshka\apache-tomcat-10.1.44-windows-x64\apache-tomcat-10.1.44\conf\Catalina\localhost\market-app.xml] has been ignored
24-Aug-2025 20:59:20.686 INFO [http-nio-8080-exec-18] org.apache.jasper.servlet.TldScanner.scanJars Al menos un JAR, que se ha explorado buscando TLDs, aún no contenía TLDs. Activar historial de depuración para este historiador para una completa lista de los JARs que fueron explorados y de los que nos se halló TLDs. Saltarse JARs no necesarios durante la exploración puede dar lugar a una mejora de tiempo significativa en el arranque y compilación de JSP .
24-Aug-2025 20:59:20.689 INFO [http-nio-8080-exec-18] org.apache.catalina.startup.HostConfig.deployDescriptor Deployment of deployment descriptor [C:\Users\Celeste Jimenez\IdeaProjects\BootcampRoshka\apache-tomcat-10.1.44-windows-x64\apache-tomcat-10.1.44\conf\Catalina\localhost\market-app.xml] has finished in [250] ms
24-Aug-2025 20:59:20.692 INFO [http-nio-8080-exec-16] org.apache.catalina.util.LifecycleBase.start The start() method was called on component [StandardEngine[Catalina].StandardHost[localhost].StandardContext[/market-app]] after start() had already been called. The second call will be ignored.
24-Aug-2025 21:10:10.219 WARNING [http-nio-8080-exec-23] org.apache.catalina.loader.WebappClassLoaderBase.clearReferencesJdbc La aplicación web [market-app] registró el conductor JDBC [org.postgresql.Driver] pero falló al anular el registro mientras la aplicación web estaba parada. Para prevenir un fallo de memoria, se ha anulado el registro del conductor JDBC por la fuerza.
24-Aug-2025 21:10:10.732 INFO [http-nio-8080-exec-23] org.apache.catalina.startup.HostConfig.undeploy Repliegue (undeploy) de la aplicación web que tiene como trayectoria de contexto [/market-app]
24-Aug-2025 21:10:10.758 INFO [http-nio-8080-exec-21] org.apache.catalina.startup.HostConfig.deployDescriptor Desplieque del descriptor de configuración [C:\Users\Celeste Jimenez\IdeaProjects\BootcampRoshka\apache-tomcat-10.1.44-windows-x64\apache-tomcat-10.1.44\conf\Catalina\localhost\market-app.xml]
24-Aug-2025 21:10:10.759 WARNING [http-nio-8080-exec-21] org.apache.catalina.startup.HostConfig.deployDescriptor The path attribute with value [/market-app] in deployment descriptor [C:\Users\Celeste Jimenez\IdeaProjects\BootcampRoshka\apache-tomcat-10.1.44-windows-x64\apache-tomcat-10.1.44\conf\Catalina\localhost\market-app.xml] has been ignored
24-Aug-2025 21:10:10.996 INFO [http-nio-8080-exec-21] org.apache.jasper.servlet.TldScanner.scanJars Al menos un JAR, que se ha explorado buscando TLDs, aún no contenía TLDs. Activar historial de depuración para este historiador para una completa lista de los JARs que fueron explorados y de los que nos se halló TLDs. Saltarse JARs no necesarios durante la exploración puede dar lugar a una mejora de tiempo significativa en el arranque y compilación de JSP .
24-Aug-2025 21:10:11.000 INFO [http-nio-8080-exec-21] org.apache.catalina.startup.HostConfig.deployDescriptor Deployment of deployment descriptor [C:\Users\Celeste Jimenez\IdeaProjects\BootcampRoshka\apache-tomcat-10.1.44-windows-x64\apache-tomcat-10.1.44\conf\Catalina\localhost\market-app.xml] has finished in [242] ms
24-Aug-2025 21:10:11.005 INFO [http-nio-8080-exec-24] org.apache.catalina.util.LifecycleBase.start The start() method was called on component [StandardEngine[Catalina].StandardHost[localhost].StandardContext[/market-app]] after start() had already been called. The second call will be ignored.
24-Aug-2025 21:11:00.402 WARNING [http-nio-8080-exec-36] org.apache.catalina.loader.WebappClassLoaderBase.clearReferencesJdbc La aplicación web [market-app] registró el conductor JDBC [org.postgresql.Driver] pero falló al anular el registro mientras la aplicación web estaba parada. Para prevenir un fallo de memoria, se ha anulado el registro del conductor JDBC por la fuerza.
24-Aug-2025 21:11:00.920 INFO [http-nio-8080-exec-36] org.apache.catalina.startup.HostConfig.undeploy Repliegue (undeploy) de la aplicación web que tiene como trayectoria de contexto [/market-app]
24-Aug-2025 21:11:19.527 INFO [http-nio-8080-exec-27] org.apache.catalina.startup.HostConfig.deployDescriptor Desplieque del descriptor de configuración [C:\Users\Celeste Jimenez\IdeaProjects\BootcampRoshka\apache-tomcat-10.1.44-windows-x64\apache-tomcat-10.1.44\conf\Catalina\localhost\market-app.xml]
24-Aug-2025 21:11:19.529 WARNING [http-nio-8080-exec-27] org.apache.catalina.startup.HostConfig.deployDescriptor The path attribute with value [/market-app] in deployment descriptor [C:\Users\Celeste Jimenez\IdeaProjects\BootcampRoshka\apache-tomcat-10.1.44-windows-x64\apache-tomcat-10.1.44\conf\Catalina\localhost\market-app.xml] has been ignored
24-Aug-2025 21:11:19.722 INFO [http-nio-8080-exec-27] org.apache.jasper.servlet.TldScanner.scanJars Al menos un JAR, que se ha explorado buscando TLDs, aún no contenía TLDs. Activar historial de depuración para este historiador para una completa lista de los JARs que fueron explorados y de los que nos se halló TLDs. Saltarse JARs no necesarios durante la exploración puede dar lugar a una mejora de tiempo significativa en el arranque y compilación de JSP .
24-Aug-2025 21:11:19.726 INFO [http-nio-8080-exec-27] org.apache.catalina.startup.HostConfig.deployDescriptor Deployment of deployment descriptor [C:\Users\Celeste Jimenez\IdeaProjects\BootcampRoshka\apache-tomcat-10.1.44-windows-x64\apache-tomcat-10.1.44\conf\Catalina\localhost\market-app.xml] has finished in [199] ms
24-Aug-2025 21:11:19.730 INFO [http-nio-8080-exec-36] org.apache.catalina.util.LifecycleBase.start The start() method was called on component [StandardEngine[Catalina].StandardHost[localhost].StandardContext[/market-app]] after start() had already been called. The second call will be ignored.
24-Aug-2025 21:15:42.230 WARNING [http-nio-8080-exec-40] org.apache.catalina.loader.WebappClassLoaderBase.clearReferencesJdbc La aplicación web [market-app] registró el conductor JDBC [org.postgresql.Driver] pero falló al anular el registro mientras la aplicación web estaba parada. Para prevenir un fallo de memoria, se ha anulado el registro del conductor JDBC por la fuerza.
24-Aug-2025 21:15:42.737 INFO [http-nio-8080-exec-40] org.apache.catalina.startup.HostConfig.undeploy Repliegue (undeploy) de la aplicación web que tiene como trayectoria de contexto [/market-app]
24-Aug-2025 21:15:42.763 INFO [http-nio-8080-exec-42] org.apache.catalina.startup.HostConfig.deployDescriptor Desplieque del descriptor de configuración [C:\Users\Celeste Jimenez\IdeaProjects\BootcampRoshka\apache-tomcat-10.1.44-windows-x64\apache-tomcat-10.1.44\conf\Catalina\localhost\market-app.xml]
24-Aug-2025 21:15:42.765 WARNING [http-nio-8080-exec-42] org.apache.catalina.startup.HostConfig.deployDescriptor The path attribute with value [/market-app] in deployment descriptor [C:\Users\Celeste Jimenez\IdeaProjects\BootcampRoshka\apache-tomcat-10.1.44-windows-x64\apache-tomcat-10.1.44\conf\Catalina\localhost\market-app.xml] has been ignored
24-Aug-2025 21:15:43.030 INFO [http-nio-8080-exec-42] org.apache.jasper.servlet.TldScanner.scanJars Al menos un JAR, que se ha explorado buscando TLDs, aún no contenía TLDs. Activar historial de depuración para este historiador para una completa lista de los JARs que fueron explorados y de los que nos se halló TLDs. Saltarse JARs no necesarios durante la exploración puede dar lugar a una mejora de tiempo significativa en el arranque y compilación de JSP .
24-Aug-2025 21:15:43.035 INFO [http-nio-8080-exec-42] org.apache.catalina.startup.HostConfig.deployDescriptor Deployment of deployment descriptor [C:\Users\Celeste Jimenez\IdeaProjects\BootcampRoshka\apache-tomcat-10.1.44-windows-x64\apache-tomcat-10.1.44\conf\Catalina\localhost\market-app.xml] has finished in [272] ms
24-Aug-2025 21:15:43.039 INFO [http-nio-8080-exec-39] org.apache.catalina.util.LifecycleBase.start The start() method was called on component [StandardEngine[Catalina].StandardHost[localhost].StandardContext[/market-app]] after start() had already been called. The second call will be ignored.
24-Aug-2025 21:16:22.663 WARNING [http-nio-8080-exec-51] org.apache.catalina.loader.WebappClassLoaderBase.clearReferencesJdbc La aplicación web [market-app] registró el conductor JDBC [org.postgresql.Driver] pero falló al anular el registro mientras la aplicación web estaba parada. Para prevenir un fallo de memoria, se ha anulado el registro del conductor JDBC por la fuerza.
24-Aug-2025 21:16:23.173 INFO [http-nio-8080-exec-51] org.apache.catalina.startup.HostConfig.undeploy Repliegue (undeploy) de la aplicación web que tiene como trayectoria de contexto [/market-app]
24-Aug-2025 21:16:23.197 INFO [http-nio-8080-exec-52] org.apache.catalina.startup.HostConfig.deployDescriptor Desplieque del descriptor de configuración [C:\Users\Celeste Jimenez\IdeaProjects\BootcampRoshka\apache-tomcat-10.1.44-windows-x64\apache-tomcat-10.1.44\conf\Catalina\localhost\market-app.xml]
24-Aug-2025 21:16:23.200 WARNING [http-nio-8080-exec-52] org.apache.catalina.startup.HostConfig.deployDescriptor The path attribute with value [/market-app] in deployment descriptor [C:\Users\Celeste Jimenez\IdeaProjects\BootcampRoshka\apache-tomcat-10.1.44-windows-x64\apache-tomcat-10.1.44\conf\Catalina\localhost\market-app.xml] has been ignored
24-Aug-2025 21:16:23.435 INFO [http-nio-8080-exec-52] org.apache.jasper.servlet.TldScanner.scanJars Al menos un JAR, que se ha explorado buscando TLDs, aún no contenía TLDs. Activar historial de depuración para este historiador para una completa lista de los JARs que fueron explorados y de los que nos se halló TLDs. Saltarse JARs no necesarios durante la exploración puede dar lugar a una mejora de tiempo significativa en el arranque y compilación de JSP .
24-Aug-2025 21:16:23.439 INFO [http-nio-8080-exec-52] org.apache.catalina.startup.HostConfig.deployDescriptor Deployment of deployment descriptor [C:\Users\Celeste Jimenez\IdeaProjects\BootcampRoshka\apache-tomcat-10.1.44-windows-x64\apache-tomcat-10.1.44\conf\Catalina\localhost\market-app.xml] has finished in [241] ms
24-Aug-2025 21:16:23.443 INFO [http-nio-8080-exec-53] org.apache.catalina.util.LifecycleBase.start The start() method was called on component [StandardEngine[Catalina].StandardHost[localhost].StandardContext[/market-app]] after start() had already been called. The second call will be ignored.
