25-Aug-2025 08:44:18.369 INFO [main] org.apache.catalina.startup.VersionLoggerListener.log Nombre de la versión del servidor: Apache Tomcat/10.1.44
25-Aug-2025 08:44:18.372 INFO [main] org.apache.catalina.startup.VersionLoggerListener.log Server built:                      Aug 4 2025 13:14:17 UTC
25-Aug-2025 08:44:18.373 INFO [main] org.apache.catalina.startup.VersionLoggerListener.log Número de versión de servidor:     10.1.44.0
25-Aug-2025 08:44:18.373 INFO [main] org.apache.catalina.startup.VersionLoggerListener.log OS Name:                           Windows 11
25-Aug-2025 08:44:18.373 INFO [main] org.apache.catalina.startup.VersionLoggerListener.log Versión de Systema Operativo:      10.0
25-Aug-2025 08:44:18.373 INFO [main] org.apache.catalina.startup.VersionLoggerListener.log Arquitectura:                      amd64
25-Aug-2025 08:44:18.373 INFO [main] org.apache.catalina.startup.VersionLoggerListener.log Java Home:                         C:\Program Files\Java\jdk-17
25-Aug-2025 08:44:18.374 INFO [main] org.apache.catalina.startup.VersionLoggerListener.log JVM Version:                       17.0.16+12-LTS-247
25-Aug-2025 08:44:18.374 INFO [main] org.apache.catalina.startup.VersionLoggerListener.log Vededor JVM:                       Oracle Corporation
25-Aug-2025 08:44:18.374 INFO [main] org.apache.catalina.startup.VersionLoggerListener.log CATALINA_BASE:                     C:\Users\Celeste Jimenez\IdeaProjects\BootcampRoshka\apache-tomcat-10.1.44-windows-x64\apache-tomcat-10.1.44
25-Aug-2025 08:44:18.374 INFO [main] org.apache.catalina.startup.VersionLoggerListener.log CATALINA_HOME:                     C:\Users\Celeste Jimenez\IdeaProjects\BootcampRoshka\apache-tomcat-10.1.44-windows-x64\apache-tomcat-10.1.44
25-Aug-2025 08:44:18.389 INFO [main] org.apache.catalina.startup.VersionLoggerListener.log Command line argument:             -Djava.util.logging.config.file=C:\Users\Celeste Jimenez\IdeaProjects\BootcampRoshka\apache-tomcat-10.1.44-windows-x64\apache-tomcat-10.1.44\conf\logging.properties
25-Aug-2025 08:44:18.389 INFO [main] org.apache.catalina.startup.VersionLoggerListener.log Command line argument:             -Djava.util.logging.manager=org.apache.juli.ClassLoaderLogManager
25-Aug-2025 08:44:18.389 INFO [main] org.apache.catalina.startup.VersionLoggerListener.log Command line argument:             -Djdk.tls.ephemeralDHKeySize=2048
25-Aug-2025 08:44:18.390 INFO [main] org.apache.catalina.startup.VersionLoggerListener.log Command line argument:             -Djava.protocol.handler.pkgs=org.apache.catalina.webresources
25-Aug-2025 08:44:18.390 INFO [main] org.apache.catalina.startup.VersionLoggerListener.log Command line argument:             -Dsun.io.useCanonCaches=false
25-Aug-2025 08:44:18.390 INFO [main] org.apache.catalina.startup.VersionLoggerListener.log Command line argument:             --add-opens=java.base/java.lang=ALL-UNNAMED
25-Aug-2025 08:44:18.390 INFO [main] org.apache.catalina.startup.VersionLoggerListener.log Command line argument:             --add-opens=java.base/java.lang.reflect=ALL-UNNAMED
25-Aug-2025 08:44:18.390 INFO [main] org.apache.catalina.startup.VersionLoggerListener.log Command line argument:             --add-opens=java.base/java.io=ALL-UNNAMED
25-Aug-2025 08:44:18.390 INFO [main] org.apache.catalina.startup.VersionLoggerListener.log Command line argument:             --add-opens=java.base/java.util=ALL-UNNAMED
25-Aug-2025 08:44:18.390 INFO [main] org.apache.catalina.startup.VersionLoggerListener.log Command line argument:             --add-opens=java.base/java.util.concurrent=ALL-UNNAMED
25-Aug-2025 08:44:18.391 INFO [main] org.apache.catalina.startup.VersionLoggerListener.log Command line argument:             --add-opens=java.rmi/sun.rmi.transport=ALL-UNNAMED
25-Aug-2025 08:44:18.391 INFO [main] org.apache.catalina.startup.VersionLoggerListener.log Command line argument:             -Dcatalina.base=C:\Users\Celeste Jimenez\IdeaProjects\BootcampRoshka\apache-tomcat-10.1.44-windows-x64\apache-tomcat-10.1.44
25-Aug-2025 08:44:18.391 INFO [main] org.apache.catalina.startup.VersionLoggerListener.log Command line argument:             -Dcatalina.home=C:\Users\Celeste Jimenez\IdeaProjects\BootcampRoshka\apache-tomcat-10.1.44-windows-x64\apache-tomcat-10.1.44
25-Aug-2025 08:44:18.453 INFO [main] org.apache.catalina.startup.VersionLoggerListener.log Command line argument:             -Djava.io.tmpdir=C:\Users\Celeste Jimenez\IdeaProjects\BootcampRoshka\apache-tomcat-10.1.44-windows-x64\apache-tomcat-10.1.44\temp
25-Aug-2025 08:44:18.462 INFO [main] org.apache.catalina.core.AprLifecycleListener.lifecycleEvent Cargada la biblioteca nativa APR de Apache Tomcat [2.0.9] con la versión APR [1.7.6].
25-Aug-2025 08:44:18.482 INFO [main] org.apache.catalina.core.AprLifecycleListener.initializeSSL OpenSSL inicializado correctamente [OpenSSL 3.5.0 8 Apr 2025]
25-Aug-2025 08:44:18.667 INFO [main] org.apache.coyote.AbstractProtocol.init Inicializando el manejador de protocolo ["http-nio-8080"]

25-Aug-2025 08:44:18.695 INFO [main] org.apache.catalina.startup.Catalina.load Server initialization in [504] milliseconds
25-Aug-2025 08:44:18.756 INFO [main] org.apache.catalina.core.StandardService.startInternal Arrancando servicio [Catalina]
25-Aug-2025 08:44:18.757 INFO [main] org.apache.catalina.core.StandardEngine.startInternal Starting Servlet engine: [Apache Tomcat/10.1.44]
25-Aug-2025 08:44:18.769 INFO [main] org.apache.catalina.startup.HostConfig.deployDescriptor Desplieque del descriptor de configuración [C:\Users\Celeste Jimenez\IdeaProjects\BootcampRoshka\apache-tomcat-10.1.44-windows-x64\apache-tomcat-10.1.44\conf\Catalina\localhost\market-app.xml]
25-Aug-2025 08:44:18.780 WARNING [main] org.apache.catalina.startup.HostConfig.deployDescriptor The path attribute with value [/market-app] in deployment descriptor [C:\Users\Celeste Jimenez\IdeaProjects\BootcampRoshka\apache-tomcat-10.1.44-windows-x64\apache-tomcat-10.1.44\conf\Catalina\localhost\market-app.xml] has been ignored
25-Aug-2025 08:44:19.206 INFO [main] org.apache.jasper.servlet.TldScanner.scanJars Al menos un JAR, que se ha explorado buscando TLDs, aún no contenía TLDs. Activar historial de depuración para este historiador para una completa lista de los JARs que fueron explorados y de los que nos se halló TLDs. Saltarse JARs no necesarios durante la exploración puede dar lugar a una mejora de tiempo significativa en el arranque y compilación de JSP .
25-Aug-2025 08:44:19.281 INFO [main] org.apache.catalina.startup.HostConfig.deployDescriptor Deployment of deployment descriptor [C:\Users\Celeste Jimenez\IdeaProjects\BootcampRoshka\apache-tomcat-10.1.44-windows-x64\apache-tomcat-10.1.44\conf\Catalina\localhost\market-app.xml] has finished in [510] ms
25-Aug-2025 08:44:19.281 INFO [main] org.apache.catalina.startup.HostConfig.deployDirectory Desplegando el directorio [C:\Users\Celeste Jimenez\IdeaProjects\BootcampRoshka\apache-tomcat-10.1.44-windows-x64\apache-tomcat-10.1.44\webapps\docs] de la aplicación web
25-Aug-2025 08:44:19.317 INFO [main] org.apache.catalina.startup.HostConfig.deployDirectory Deployment of web application directory [C:\Users\Celeste Jimenez\IdeaProjects\BootcampRoshka\apache-tomcat-10.1.44-windows-x64\apache-tomcat-10.1.44\webapps\docs] has finished in [36] ms
25-Aug-2025 08:44:19.319 INFO [main] org.apache.catalina.startup.HostConfig.deployDirectory Desplegando el directorio [C:\Users\Celeste Jimenez\IdeaProjects\BootcampRoshka\apache-tomcat-10.1.44-windows-x64\apache-tomcat-10.1.44\webapps\examples] de la aplicación web
25-Aug-2025 08:44:19.681 INFO [main] org.apache.catalina.startup.HostConfig.deployDirectory Deployment of web application directory [C:\Users\Celeste Jimenez\IdeaProjects\BootcampRoshka\apache-tomcat-10.1.44-windows-x64\apache-tomcat-10.1.44\webapps\examples] has finished in [361] ms
25-Aug-2025 08:44:19.681 INFO [main] org.apache.catalina.startup.HostConfig.deployDirectory Desplegando el directorio [C:\Users\Celeste Jimenez\IdeaProjects\BootcampRoshka\apache-tomcat-10.1.44-windows-x64\apache-tomcat-10.1.44\webapps\host-manager] de la aplicación web
25-Aug-2025 08:44:19.715 INFO [main] org.apache.catalina.startup.HostConfig.deployDirectory Deployment of web application directory [C:\Users\Celeste Jimenez\IdeaProjects\BootcampRoshka\apache-tomcat-10.1.44-windows-x64\apache-tomcat-10.1.44\webapps\host-manager] has finished in [34] ms
25-Aug-2025 08:44:19.715 INFO [main] org.apache.catalina.startup.HostConfig.deployDirectory Desplegando el directorio [C:\Users\Celeste Jimenez\IdeaProjects\BootcampRoshka\apache-tomcat-10.1.44-windows-x64\apache-tomcat-10.1.44\webapps\manager] de la aplicación web
25-Aug-2025 08:44:19.748 INFO [main] org.apache.catalina.startup.HostConfig.deployDirectory Deployment of web application directory [C:\Users\Celeste Jimenez\IdeaProjects\BootcampRoshka\apache-tomcat-10.1.44-windows-x64\apache-tomcat-10.1.44\webapps\manager] has finished in [33] ms
25-Aug-2025 08:44:19.749 INFO [main] org.apache.catalina.startup.HostConfig.deployDirectory Desplegando el directorio [C:\Users\Celeste Jimenez\IdeaProjects\BootcampRoshka\apache-tomcat-10.1.44-windows-x64\apache-tomcat-10.1.44\webapps\ROOT] de la aplicación web
25-Aug-2025 08:44:19.774 INFO [main] org.apache.catalina.startup.HostConfig.deployDirectory Deployment of web application directory [C:\Users\Celeste Jimenez\IdeaProjects\BootcampRoshka\apache-tomcat-10.1.44-windows-x64\apache-tomcat-10.1.44\webapps\ROOT] has finished in [25] ms
25-Aug-2025 08:44:19.778 INFO [main] org.apache.coyote.AbstractProtocol.start Starting ProtocolHandler ["http-nio-8080"]
25-Aug-2025 08:44:19.827 INFO [main] org.apache.catalina.startup.Catalina.start Server startup in [1132] milliseconds
25-Aug-2025 08:44:23.195 INFO [http-nio-8080-exec-9] org.apache.catalina.startup.HostConfig.undeploy Repliegue (undeploy) de la aplicación web que tiene como trayectoria de contexto [/market-app]
25-Aug-2025 08:44:23.246 INFO [http-nio-8080-exec-8] org.apache.catalina.startup.HostConfig.deployDescriptor Desplieque del descriptor de configuración [C:\Users\Celeste Jimenez\IdeaProjects\BootcampRoshka\apache-tomcat-10.1.44-windows-x64\apache-tomcat-10.1.44\conf\Catalina\localhost\market-app.xml]
25-Aug-2025 08:44:23.247 WARNING [http-nio-8080-exec-8] org.apache.catalina.startup.HostConfig.deployDescriptor The path attribute with value [/market-app] in deployment descriptor [C:\Users\Celeste Jimenez\IdeaProjects\BootcampRoshka\apache-tomcat-10.1.44-windows-x64\apache-tomcat-10.1.44\conf\Catalina\localhost\market-app.xml] has been ignored
25-Aug-2025 08:44:23.389 INFO [http-nio-8080-exec-8] org.apache.jasper.servlet.TldScanner.scanJars Al menos un JAR, que se ha explorado buscando TLDs, aún no contenía TLDs. Activar historial de depuración para este historiador para una completa lista de los JARs que fueron explorados y de los que nos se halló TLDs. Saltarse JARs no necesarios durante la exploración puede dar lugar a una mejora de tiempo significativa en el arranque y compilación de JSP .
25-Aug-2025 08:44:23.392 INFO [http-nio-8080-exec-8] org.apache.catalina.startup.HostConfig.deployDescriptor Deployment of deployment descriptor [C:\Users\Celeste Jimenez\IdeaProjects\BootcampRoshka\apache-tomcat-10.1.44-windows-x64\apache-tomcat-10.1.44\conf\Catalina\localhost\market-app.xml] has finished in [146] ms
25-Aug-2025 08:44:23.395 INFO [http-nio-8080-exec-2] org.apache.catalina.util.LifecycleBase.start The start() method was called on component [StandardEngine[Catalina].StandardHost[localhost].StandardContext[/market-app]] after start() had already been called. The second call will be ignored.
25-Aug-2025 09:05:11.565 WARNING [http-nio-8080-exec-12] org.apache.catalina.loader.WebappClassLoaderBase.clearReferencesJdbc La aplicación web [market-app] registró el conductor JDBC [org.postgresql.Driver] pero falló al anular el registro mientras la aplicación web estaba parada. Para prevenir un fallo de memoria, se ha anulado el registro del conductor JDBC por la fuerza.
25-Aug-2025 09:05:12.074 INFO [http-nio-8080-exec-12] org.apache.catalina.startup.HostConfig.undeploy Repliegue (undeploy) de la aplicación web que tiene como trayectoria de contexto [/market-app]
25-Aug-2025 09:05:28.341 INFO [http-nio-8080-exec-13] org.apache.catalina.startup.HostConfig.deployDescriptor Desplieque del descriptor de configuración [C:\Users\Celeste Jimenez\IdeaProjects\BootcampRoshka\apache-tomcat-10.1.44-windows-x64\apache-tomcat-10.1.44\conf\Catalina\localhost\market-app.xml]
25-Aug-2025 09:05:28.342 WARNING [http-nio-8080-exec-13] org.apache.catalina.startup.HostConfig.deployDescriptor The path attribute with value [/market-app] in deployment descriptor [C:\Users\Celeste Jimenez\IdeaProjects\BootcampRoshka\apache-tomcat-10.1.44-windows-x64\apache-tomcat-10.1.44\conf\Catalina\localhost\market-app.xml] has been ignored
25-Aug-2025 09:05:28.465 INFO [http-nio-8080-exec-13] org.apache.jasper.servlet.TldScanner.scanJars Al menos un JAR, que se ha explorado buscando TLDs, aún no contenía TLDs. Activar historial de depuración para este historiador para una completa lista de los JARs que fueron explorados y de los que nos se halló TLDs. Saltarse JARs no necesarios durante la exploración puede dar lugar a una mejora de tiempo significativa en el arranque y compilación de JSP .
25-Aug-2025 09:05:28.467 INFO [http-nio-8080-exec-13] org.apache.catalina.startup.HostConfig.deployDescriptor Deployment of deployment descriptor [C:\Users\Celeste Jimenez\IdeaProjects\BootcampRoshka\apache-tomcat-10.1.44-windows-x64\apache-tomcat-10.1.44\conf\Catalina\localhost\market-app.xml] has finished in [126] ms
25-Aug-2025 09:05:28.469 INFO [http-nio-8080-exec-18] org.apache.catalina.util.LifecycleBase.start The start() method was called on component [StandardEngine[Catalina].StandardHost[localhost].StandardContext[/market-app]] after start() had already been called. The second call will be ignored.
25-Aug-2025 09:10:57.661 WARNING [http-nio-8080-exec-29] org.apache.catalina.loader.WebappClassLoaderBase.clearReferencesJdbc La aplicación web [market-app] registró el conductor JDBC [org.postgresql.Driver] pero falló al anular el registro mientras la aplicación web estaba parada. Para prevenir un fallo de memoria, se ha anulado el registro del conductor JDBC por la fuerza.
25-Aug-2025 09:10:58.176 INFO [http-nio-8080-exec-29] org.apache.catalina.startup.HostConfig.undeploy Repliegue (undeploy) de la aplicación web que tiene como trayectoria de contexto [/market-app]
25-Aug-2025 09:11:29.724 INFO [http-nio-8080-exec-22] org.apache.catalina.startup.HostConfig.deployDescriptor Desplieque del descriptor de configuración [C:\Users\Celeste Jimenez\IdeaProjects\BootcampRoshka\apache-tomcat-10.1.44-windows-x64\apache-tomcat-10.1.44\conf\Catalina\localhost\market-app.xml]
25-Aug-2025 09:11:29.724 WARNING [http-nio-8080-exec-22] org.apache.catalina.startup.HostConfig.deployDescriptor The path attribute with value [/market-app] in deployment descriptor [C:\Users\Celeste Jimenez\IdeaProjects\BootcampRoshka\apache-tomcat-10.1.44-windows-x64\apache-tomcat-10.1.44\conf\Catalina\localhost\market-app.xml] has been ignored
25-Aug-2025 09:11:29.844 INFO [http-nio-8080-exec-22] org.apache.jasper.servlet.TldScanner.scanJars Al menos un JAR, que se ha explorado buscando TLDs, aún no contenía TLDs. Activar historial de depuración para este historiador para una completa lista de los JARs que fueron explorados y de los que nos se halló TLDs. Saltarse JARs no necesarios durante la exploración puede dar lugar a una mejora de tiempo significativa en el arranque y compilación de JSP .
25-Aug-2025 09:11:29.847 INFO [http-nio-8080-exec-22] org.apache.catalina.startup.HostConfig.deployDescriptor Deployment of deployment descriptor [C:\Users\Celeste Jimenez\IdeaProjects\BootcampRoshka\apache-tomcat-10.1.44-windows-x64\apache-tomcat-10.1.44\conf\Catalina\localhost\market-app.xml] has finished in [122] ms
25-Aug-2025 09:11:29.848 INFO [http-nio-8080-exec-24] org.apache.catalina.util.LifecycleBase.start The start() method was called on component [StandardEngine[Catalina].StandardHost[localhost].StandardContext[/market-app]] after start() had already been called. The second call will be ignored.
25-Aug-2025 09:11:51.725 INFO [http-nio-8080-exec-35] org.apache.catalina.startup.HostConfig.undeploy Repliegue (undeploy) de la aplicación web que tiene como trayectoria de contexto [/market-app]
25-Aug-2025 09:12:07.998 INFO [http-nio-8080-exec-25] org.apache.catalina.startup.HostConfig.deployDescriptor Desplieque del descriptor de configuración [C:\Users\Celeste Jimenez\IdeaProjects\BootcampRoshka\apache-tomcat-10.1.44-windows-x64\apache-tomcat-10.1.44\conf\Catalina\localhost\market-app.xml]
25-Aug-2025 09:12:07.999 WARNING [http-nio-8080-exec-25] org.apache.catalina.startup.HostConfig.deployDescriptor The path attribute with value [/market-app] in deployment descriptor [C:\Users\Celeste Jimenez\IdeaProjects\BootcampRoshka\apache-tomcat-10.1.44-windows-x64\apache-tomcat-10.1.44\conf\Catalina\localhost\market-app.xml] has been ignored
25-Aug-2025 09:12:08.119 INFO [http-nio-8080-exec-25] org.apache.jasper.servlet.TldScanner.scanJars Al menos un JAR, que se ha explorado buscando TLDs, aún no contenía TLDs. Activar historial de depuración para este historiador para una completa lista de los JARs que fueron explorados y de los que nos se halló TLDs. Saltarse JARs no necesarios durante la exploración puede dar lugar a una mejora de tiempo significativa en el arranque y compilación de JSP .
25-Aug-2025 09:12:08.121 INFO [http-nio-8080-exec-25] org.apache.catalina.startup.HostConfig.deployDescriptor Deployment of deployment descriptor [C:\Users\Celeste Jimenez\IdeaProjects\BootcampRoshka\apache-tomcat-10.1.44-windows-x64\apache-tomcat-10.1.44\conf\Catalina\localhost\market-app.xml] has finished in [122] ms
25-Aug-2025 09:12:08.123 INFO [http-nio-8080-exec-33] org.apache.catalina.util.LifecycleBase.start The start() method was called on component [StandardEngine[Catalina].StandardHost[localhost].StandardContext[/market-app]] after start() had already been called. The second call will be ignored.
25-Aug-2025 09:21:24.747 WARNING [http-nio-8080-exec-44] org.apache.catalina.loader.WebappClassLoaderBase.clearReferencesJdbc La aplicación web [market-app] registró el conductor JDBC [org.postgresql.Driver] pero falló al anular el registro mientras la aplicación web estaba parada. Para prevenir un fallo de memoria, se ha anulado el registro del conductor JDBC por la fuerza.
25-Aug-2025 09:21:25.260 INFO [http-nio-8080-exec-44] org.apache.catalina.startup.HostConfig.undeploy Repliegue (undeploy) de la aplicación web que tiene como trayectoria de contexto [/market-app]
25-Aug-2025 09:21:36.680 INFO [http-nio-8080-exec-39] org.apache.catalina.startup.HostConfig.deployDescriptor Desplieque del descriptor de configuración [C:\Users\Celeste Jimenez\IdeaProjects\BootcampRoshka\apache-tomcat-10.1.44-windows-x64\apache-tomcat-10.1.44\conf\Catalina\localhost\market-app.xml]
25-Aug-2025 09:21:36.681 WARNING [http-nio-8080-exec-39] org.apache.catalina.startup.HostConfig.deployDescriptor The path attribute with value [/market-app] in deployment descriptor [C:\Users\Celeste Jimenez\IdeaProjects\BootcampRoshka\apache-tomcat-10.1.44-windows-x64\apache-tomcat-10.1.44\conf\Catalina\localhost\market-app.xml] has been ignored
25-Aug-2025 09:21:36.803 INFO [http-nio-8080-exec-39] org.apache.jasper.servlet.TldScanner.scanJars Al menos un JAR, que se ha explorado buscando TLDs, aún no contenía TLDs. Activar historial de depuración para este historiador para una completa lista de los JARs que fueron explorados y de los que nos se halló TLDs. Saltarse JARs no necesarios durante la exploración puede dar lugar a una mejora de tiempo significativa en el arranque y compilación de JSP .
25-Aug-2025 09:21:36.805 INFO [http-nio-8080-exec-39] org.apache.catalina.startup.HostConfig.deployDescriptor Deployment of deployment descriptor [C:\Users\Celeste Jimenez\IdeaProjects\BootcampRoshka\apache-tomcat-10.1.44-windows-x64\apache-tomcat-10.1.44\conf\Catalina\localhost\market-app.xml] has finished in [125] ms
25-Aug-2025 09:21:36.808 INFO [http-nio-8080-exec-46] org.apache.catalina.util.LifecycleBase.start The start() method was called on component [StandardEngine[Catalina].StandardHost[localhost].StandardContext[/market-app]] after start() had already been called. The second call will be ignored.
25-Aug-2025 09:26:22.887 WARNING [http-nio-8080-exec-55] org.apache.catalina.loader.WebappClassLoaderBase.clearReferencesJdbc La aplicación web [market-app] registró el conductor JDBC [org.postgresql.Driver] pero falló al anular el registro mientras la aplicación web estaba parada. Para prevenir un fallo de memoria, se ha anulado el registro del conductor JDBC por la fuerza.
25-Aug-2025 09:26:23.402 INFO [http-nio-8080-exec-55] org.apache.catalina.startup.HostConfig.undeploy Repliegue (undeploy) de la aplicación web que tiene como trayectoria de contexto [/market-app]
25-Aug-2025 09:26:58.191 INFO [http-nio-8080-exec-50] org.apache.catalina.startup.HostConfig.deployDescriptor Desplieque del descriptor de configuración [C:\Users\Celeste Jimenez\IdeaProjects\BootcampRoshka\apache-tomcat-10.1.44-windows-x64\apache-tomcat-10.1.44\conf\Catalina\localhost\market-app.xml]
25-Aug-2025 09:26:58.192 WARNING [http-nio-8080-exec-50] org.apache.catalina.startup.HostConfig.deployDescriptor The path attribute with value [/market-app] in deployment descriptor [C:\Users\Celeste Jimenez\IdeaProjects\BootcampRoshka\apache-tomcat-10.1.44-windows-x64\apache-tomcat-10.1.44\conf\Catalina\localhost\market-app.xml] has been ignored
25-Aug-2025 09:26:58.315 INFO [http-nio-8080-exec-50] org.apache.jasper.servlet.TldScanner.scanJars Al menos un JAR, que se ha explorado buscando TLDs, aún no contenía TLDs. Activar historial de depuración para este historiador para una completa lista de los JARs que fueron explorados y de los que nos se halló TLDs. Saltarse JARs no necesarios durante la exploración puede dar lugar a una mejora de tiempo significativa en el arranque y compilación de JSP .
25-Aug-2025 09:26:58.318 INFO [http-nio-8080-exec-50] org.apache.catalina.startup.HostConfig.deployDescriptor Deployment of deployment descriptor [C:\Users\Celeste Jimenez\IdeaProjects\BootcampRoshka\apache-tomcat-10.1.44-windows-x64\apache-tomcat-10.1.44\conf\Catalina\localhost\market-app.xml] has finished in [126] ms
25-Aug-2025 09:26:58.320 INFO [http-nio-8080-exec-56] org.apache.catalina.util.LifecycleBase.start The start() method was called on component [StandardEngine[Catalina].StandardHost[localhost].StandardContext[/market-app]] after start() had already been called. The second call will be ignored.
25-Aug-2025 09:37:48.924 WARNING [http-nio-8080-exec-64] org.apache.catalina.loader.WebappClassLoaderBase.clearReferencesJdbc La aplicación web [market-app] registró el conductor JDBC [org.postgresql.Driver] pero falló al anular el registro mientras la aplicación web estaba parada. Para prevenir un fallo de memoria, se ha anulado el registro del conductor JDBC por la fuerza.
25-Aug-2025 09:37:49.429 INFO [http-nio-8080-exec-64] org.apache.catalina.startup.HostConfig.undeploy Repliegue (undeploy) de la aplicación web que tiene como trayectoria de contexto [/market-app]
25-Aug-2025 09:38:23.328 INFO [http-nio-8080-exec-59] org.apache.catalina.startup.HostConfig.deployDescriptor Desplieque del descriptor de configuración [C:\Users\Celeste Jimenez\IdeaProjects\BootcampRoshka\apache-tomcat-10.1.44-windows-x64\apache-tomcat-10.1.44\conf\Catalina\localhost\market-app.xml]
25-Aug-2025 09:38:23.329 WARNING [http-nio-8080-exec-59] org.apache.catalina.startup.HostConfig.deployDescriptor The path attribute with value [/market-app] in deployment descriptor [C:\Users\Celeste Jimenez\IdeaProjects\BootcampRoshka\apache-tomcat-10.1.44-windows-x64\apache-tomcat-10.1.44\conf\Catalina\localhost\market-app.xml] has been ignored
25-Aug-2025 09:38:23.470 INFO [http-nio-8080-exec-59] org.apache.jasper.servlet.TldScanner.scanJars Al menos un JAR, que se ha explorado buscando TLDs, aún no contenía TLDs. Activar historial de depuración para este historiador para una completa lista de los JARs que fueron explorados y de los que nos se halló TLDs. Saltarse JARs no necesarios durante la exploración puede dar lugar a una mejora de tiempo significativa en el arranque y compilación de JSP .
25-Aug-2025 09:38:23.473 INFO [http-nio-8080-exec-59] org.apache.catalina.startup.HostConfig.deployDescriptor Deployment of deployment descriptor [C:\Users\Celeste Jimenez\IdeaProjects\BootcampRoshka\apache-tomcat-10.1.44-windows-x64\apache-tomcat-10.1.44\conf\Catalina\localhost\market-app.xml] has finished in [145] ms
25-Aug-2025 09:38:23.476 INFO [http-nio-8080-exec-66] org.apache.catalina.util.LifecycleBase.start The start() method was called on component [StandardEngine[Catalina].StandardHost[localhost].StandardContext[/market-app]] after start() had already been called. The second call will be ignored.
25-Aug-2025 09:46:59.940 WARNING [http-nio-8080-exec-74] org.apache.catalina.loader.WebappClassLoaderBase.clearReferencesJdbc La aplicación web [market-app] registró el conductor JDBC [org.postgresql.Driver] pero falló al anular el registro mientras la aplicación web estaba parada. Para prevenir un fallo de memoria, se ha anulado el registro del conductor JDBC por la fuerza.
25-Aug-2025 09:47:00.449 INFO [http-nio-8080-exec-74] org.apache.catalina.startup.HostConfig.undeploy Repliegue (undeploy) de la aplicación web que tiene como trayectoria de contexto [/market-app]
25-Aug-2025 09:49:10.202 INFO [http-nio-8080-exec-67] org.apache.catalina.startup.HostConfig.deployDescriptor Desplieque del descriptor de configuración [C:\Users\Celeste Jimenez\IdeaProjects\BootcampRoshka\apache-tomcat-10.1.44-windows-x64\apache-tomcat-10.1.44\conf\Catalina\localhost\market-app.xml]
25-Aug-2025 09:49:10.203 WARNING [http-nio-8080-exec-67] org.apache.catalina.startup.HostConfig.deployDescriptor The path attribute with value [/market-app] in deployment descriptor [C:\Users\Celeste Jimenez\IdeaProjects\BootcampRoshka\apache-tomcat-10.1.44-windows-x64\apache-tomcat-10.1.44\conf\Catalina\localhost\market-app.xml] has been ignored
25-Aug-2025 09:49:10.325 INFO [http-nio-8080-exec-67] org.apache.jasper.servlet.TldScanner.scanJars Al menos un JAR, que se ha explorado buscando TLDs, aún no contenía TLDs. Activar historial de depuración para este historiador para una completa lista de los JARs que fueron explorados y de los que nos se halló TLDs. Saltarse JARs no necesarios durante la exploración puede dar lugar a una mejora de tiempo significativa en el arranque y compilación de JSP .
25-Aug-2025 09:49:10.327 INFO [http-nio-8080-exec-67] org.apache.catalina.startup.HostConfig.deployDescriptor Deployment of deployment descriptor [C:\Users\Celeste Jimenez\IdeaProjects\BootcampRoshka\apache-tomcat-10.1.44-windows-x64\apache-tomcat-10.1.44\conf\Catalina\localhost\market-app.xml] has finished in [124] ms
25-Aug-2025 09:49:10.329 INFO [http-nio-8080-exec-79] org.apache.catalina.util.LifecycleBase.start The start() method was called on component [StandardEngine[Catalina].StandardHost[localhost].StandardContext[/market-app]] after start() had already been called. The second call will be ignored.
25-Aug-2025 10:01:48.949 WARNING [http-nio-8080-exec-81] org.apache.catalina.loader.WebappClassLoaderBase.clearReferencesJdbc La aplicación web [market-app] registró el conductor JDBC [org.postgresql.Driver] pero falló al anular el registro mientras la aplicación web estaba parada. Para prevenir un fallo de memoria, se ha anulado el registro del conductor JDBC por la fuerza.
25-Aug-2025 10:01:49.455 INFO [http-nio-8080-exec-81] org.apache.catalina.startup.HostConfig.undeploy Repliegue (undeploy) de la aplicación web que tiene como trayectoria de contexto [/market-app]
25-Aug-2025 10:02:01.988 INFO [http-nio-8080-exec-80] org.apache.catalina.startup.HostConfig.deployDescriptor Desplieque del descriptor de configuración [C:\Users\Celeste Jimenez\IdeaProjects\BootcampRoshka\apache-tomcat-10.1.44-windows-x64\apache-tomcat-10.1.44\conf\Catalina\localhost\market-app.xml]
25-Aug-2025 10:02:01.989 WARNING [http-nio-8080-exec-80] org.apache.catalina.startup.HostConfig.deployDescriptor The path attribute with value [/market-app] in deployment descriptor [C:\Users\Celeste Jimenez\IdeaProjects\BootcampRoshka\apache-tomcat-10.1.44-windows-x64\apache-tomcat-10.1.44\conf\Catalina\localhost\market-app.xml] has been ignored
25-Aug-2025 10:02:02.110 INFO [http-nio-8080-exec-80] org.apache.jasper.servlet.TldScanner.scanJars Al menos un JAR, que se ha explorado buscando TLDs, aún no contenía TLDs. Activar historial de depuración para este historiador para una completa lista de los JARs que fueron explorados y de los que nos se halló TLDs. Saltarse JARs no necesarios durante la exploración puede dar lugar a una mejora de tiempo significativa en el arranque y compilación de JSP .
25-Aug-2025 10:02:02.112 INFO [http-nio-8080-exec-80] org.apache.catalina.startup.HostConfig.deployDescriptor Deployment of deployment descriptor [C:\Users\Celeste Jimenez\IdeaProjects\BootcampRoshka\apache-tomcat-10.1.44-windows-x64\apache-tomcat-10.1.44\conf\Catalina\localhost\market-app.xml] has finished in [124] ms
25-Aug-2025 10:02:02.113 INFO [http-nio-8080-exec-86] org.apache.catalina.util.LifecycleBase.start The start() method was called on component [StandardEngine[Catalina].StandardHost[localhost].StandardContext[/market-app]] after start() had already been called. The second call will be ignored.
25-Aug-2025 11:36:26.284 WARNING [http-nio-8080-exec-91] org.apache.catalina.loader.WebappClassLoaderBase.clearReferencesJdbc La aplicación web [market-app] registró el conductor JDBC [org.postgresql.Driver] pero falló al anular el registro mientras la aplicación web estaba parada. Para prevenir un fallo de memoria, se ha anulado el registro del conductor JDBC por la fuerza.
25-Aug-2025 11:36:26.795 INFO [http-nio-8080-exec-91] org.apache.catalina.startup.HostConfig.undeploy Repliegue (undeploy) de la aplicación web que tiene como trayectoria de contexto [/market-app]
25-Aug-2025 11:37:06.075 INFO [http-nio-8080-exec-96] org.apache.catalina.startup.HostConfig.deployDescriptor Desplieque del descriptor de configuración [C:\Users\Celeste Jimenez\IdeaProjects\BootcampRoshka\apache-tomcat-10.1.44-windows-x64\apache-tomcat-10.1.44\conf\Catalina\localhost\market-app.xml]
25-Aug-2025 11:37:06.079 WARNING [http-nio-8080-exec-96] org.apache.catalina.startup.HostConfig.deployDescriptor The path attribute with value [/market-app] in deployment descriptor [C:\Users\Celeste Jimenez\IdeaProjects\BootcampRoshka\apache-tomcat-10.1.44-windows-x64\apache-tomcat-10.1.44\conf\Catalina\localhost\market-app.xml] has been ignored
25-Aug-2025 11:37:06.247 INFO [http-nio-8080-exec-96] org.apache.jasper.servlet.TldScanner.scanJars Al menos un JAR, que se ha explorado buscando TLDs, aún no contenía TLDs. Activar historial de depuración para este historiador para una completa lista de los JARs que fueron explorados y de los que nos se halló TLDs. Saltarse JARs no necesarios durante la exploración puede dar lugar a una mejora de tiempo significativa en el arranque y compilación de JSP .
25-Aug-2025 11:37:06.252 INFO [http-nio-8080-exec-96] org.apache.catalina.startup.HostConfig.deployDescriptor Deployment of deployment descriptor [C:\Users\Celeste Jimenez\IdeaProjects\BootcampRoshka\apache-tomcat-10.1.44-windows-x64\apache-tomcat-10.1.44\conf\Catalina\localhost\market-app.xml] has finished in [176] ms
25-Aug-2025 11:37:06.255 INFO [http-nio-8080-exec-97] org.apache.catalina.util.LifecycleBase.start The start() method was called on component [StandardEngine[Catalina].StandardHost[localhost].StandardContext[/market-app]] after start() had already been called. The second call will be ignored.
25-Aug-2025 11:53:31.090 WARNING [http-nio-8080-exec-103] org.apache.catalina.loader.WebappClassLoaderBase.clearReferencesJdbc La aplicación web [market-app] registró el conductor JDBC [org.postgresql.Driver] pero falló al anular el registro mientras la aplicación web estaba parada. Para prevenir un fallo de memoria, se ha anulado el registro del conductor JDBC por la fuerza.
25-Aug-2025 11:53:31.594 INFO [http-nio-8080-exec-103] org.apache.catalina.startup.HostConfig.undeploy Repliegue (undeploy) de la aplicación web que tiene como trayectoria de contexto [/market-app]
25-Aug-2025 11:55:31.659 INFO [http-nio-8080-exec-97] org.apache.catalina.startup.HostConfig.deployDescriptor Desplieque del descriptor de configuración [C:\Users\Celeste Jimenez\IdeaProjects\BootcampRoshka\apache-tomcat-10.1.44-windows-x64\apache-tomcat-10.1.44\conf\Catalina\localhost\market-app.xml]
25-Aug-2025 11:55:31.660 WARNING [http-nio-8080-exec-97] org.apache.catalina.startup.HostConfig.deployDescriptor The path attribute with value [/market-app] in deployment descriptor [C:\Users\Celeste Jimenez\IdeaProjects\BootcampRoshka\apache-tomcat-10.1.44-windows-x64\apache-tomcat-10.1.44\conf\Catalina\localhost\market-app.xml] has been ignored
25-Aug-2025 11:55:31.791 INFO [http-nio-8080-exec-97] org.apache.jasper.servlet.TldScanner.scanJars Al menos un JAR, que se ha explorado buscando TLDs, aún no contenía TLDs. Activar historial de depuración para este historiador para una completa lista de los JARs que fueron explorados y de los que nos se halló TLDs. Saltarse JARs no necesarios durante la exploración puede dar lugar a una mejora de tiempo significativa en el arranque y compilación de JSP .
25-Aug-2025 11:55:31.794 INFO [http-nio-8080-exec-97] org.apache.catalina.startup.HostConfig.deployDescriptor Deployment of deployment descriptor [C:\Users\Celeste Jimenez\IdeaProjects\BootcampRoshka\apache-tomcat-10.1.44-windows-x64\apache-tomcat-10.1.44\conf\Catalina\localhost\market-app.xml] has finished in [134] ms
25-Aug-2025 11:55:31.796 INFO [http-nio-8080-exec-109] org.apache.catalina.util.LifecycleBase.start The start() method was called on component [StandardEngine[Catalina].StandardHost[localhost].StandardContext[/market-app]] after start() had already been called. The second call will be ignored.
25-Aug-2025 11:57:40.969 WARNING [http-nio-8080-exec-97] org.apache.catalina.loader.WebappClassLoaderBase.clearReferencesJdbc La aplicación web [market-app] registró el conductor JDBC [org.postgresql.Driver] pero falló al anular el registro mientras la aplicación web estaba parada. Para prevenir un fallo de memoria, se ha anulado el registro del conductor JDBC por la fuerza.
25-Aug-2025 11:57:41.474 INFO [http-nio-8080-exec-97] org.apache.catalina.startup.HostConfig.undeploy Repliegue (undeploy) de la aplicación web que tiene como trayectoria de contexto [/market-app]
25-Aug-2025 11:57:53.434 INFO [http-nio-8080-exec-107] org.apache.catalina.startup.HostConfig.deployDescriptor Desplieque del descriptor de configuración [C:\Users\Celeste Jimenez\IdeaProjects\BootcampRoshka\apache-tomcat-10.1.44-windows-x64\apache-tomcat-10.1.44\conf\Catalina\localhost\market-app.xml]
25-Aug-2025 11:57:53.435 WARNING [http-nio-8080-exec-107] org.apache.catalina.startup.HostConfig.deployDescriptor The path attribute with value [/market-app] in deployment descriptor [C:\Users\Celeste Jimenez\IdeaProjects\BootcampRoshka\apache-tomcat-10.1.44-windows-x64\apache-tomcat-10.1.44\conf\Catalina\localhost\market-app.xml] has been ignored
25-Aug-2025 11:57:53.563 INFO [http-nio-8080-exec-107] org.apache.jasper.servlet.TldScanner.scanJars Al menos un JAR, que se ha explorado buscando TLDs, aún no contenía TLDs. Activar historial de depuración para este historiador para una completa lista de los JARs que fueron explorados y de los que nos se halló TLDs. Saltarse JARs no necesarios durante la exploración puede dar lugar a una mejora de tiempo significativa en el arranque y compilación de JSP .
25-Aug-2025 11:57:53.565 INFO [http-nio-8080-exec-107] org.apache.catalina.startup.HostConfig.deployDescriptor Deployment of deployment descriptor [C:\Users\Celeste Jimenez\IdeaProjects\BootcampRoshka\apache-tomcat-10.1.44-windows-x64\apache-tomcat-10.1.44\conf\Catalina\localhost\market-app.xml] has finished in [131] ms
25-Aug-2025 11:57:53.567 INFO [http-nio-8080-exec-110] org.apache.catalina.util.LifecycleBase.start The start() method was called on component [StandardEngine[Catalina].StandardHost[localhost].StandardContext[/market-app]] after start() had already been called. The second call will be ignored.
25-Aug-2025 14:56:19.629 WARNING [http-nio-8080-exec-116] org.apache.catalina.loader.WebappClassLoaderBase.clearReferencesJdbc La aplicación web [market-app] registró el conductor JDBC [org.postgresql.Driver] pero falló al anular el registro mientras la aplicación web estaba parada. Para prevenir un fallo de memoria, se ha anulado el registro del conductor JDBC por la fuerza.
25-Aug-2025 14:56:20.136 INFO [http-nio-8080-exec-116] org.apache.catalina.startup.HostConfig.undeploy Repliegue (undeploy) de la aplicación web que tiene como trayectoria de contexto [/market-app]
25-Aug-2025 14:56:34.626 INFO [http-nio-8080-exec-115] org.apache.catalina.startup.HostConfig.deployDescriptor Desplieque del descriptor de configuración [C:\Users\Celeste Jimenez\IdeaProjects\BootcampRoshka\apache-tomcat-10.1.44-windows-x64\apache-tomcat-10.1.44\conf\Catalina\localhost\market-app.xml]
25-Aug-2025 14:56:34.628 WARNING [http-nio-8080-exec-115] org.apache.catalina.startup.HostConfig.deployDescriptor The path attribute with value [/market-app] in deployment descriptor [C:\Users\Celeste Jimenez\IdeaProjects\BootcampRoshka\apache-tomcat-10.1.44-windows-x64\apache-tomcat-10.1.44\conf\Catalina\localhost\market-app.xml] has been ignored
25-Aug-2025 14:56:34.777 INFO [http-nio-8080-exec-115] org.apache.jasper.servlet.TldScanner.scanJars Al menos un JAR, que se ha explorado buscando TLDs, aún no contenía TLDs. Activar historial de depuración para este historiador para una completa lista de los JARs que fueron explorados y de los que nos se halló TLDs. Saltarse JARs no necesarios durante la exploración puede dar lugar a una mejora de tiempo significativa en el arranque y compilación de JSP .
25-Aug-2025 14:56:34.780 INFO [http-nio-8080-exec-115] org.apache.catalina.startup.HostConfig.deployDescriptor Deployment of deployment descriptor [C:\Users\Celeste Jimenez\IdeaProjects\BootcampRoshka\apache-tomcat-10.1.44-windows-x64\apache-tomcat-10.1.44\conf\Catalina\localhost\market-app.xml] has finished in [153] ms
25-Aug-2025 14:56:34.783 INFO [http-nio-8080-exec-125] org.apache.catalina.util.LifecycleBase.start The start() method was called on component [StandardEngine[Catalina].StandardHost[localhost].StandardContext[/market-app]] after start() had already been called. The second call will be ignored.
25-Aug-2025 15:23:51.419 WARNING [http-nio-8080-exec-126] org.apache.catalina.loader.WebappClassLoaderBase.clearReferencesJdbc La aplicación web [market-app] registró el conductor JDBC [org.postgresql.Driver] pero falló al anular el registro mientras la aplicación web estaba parada. Para prevenir un fallo de memoria, se ha anulado el registro del conductor JDBC por la fuerza.
25-Aug-2025 15:23:51.929 INFO [http-nio-8080-exec-126] org.apache.catalina.startup.HostConfig.undeploy Repliegue (undeploy) de la aplicación web que tiene como trayectoria de contexto [/market-app]
25-Aug-2025 15:24:17.546 INFO [http-nio-8080-exec-135] org.apache.catalina.startup.HostConfig.deployDescriptor Desplieque del descriptor de configuración [C:\Users\Celeste Jimenez\IdeaProjects\BootcampRoshka\apache-tomcat-10.1.44-windows-x64\apache-tomcat-10.1.44\conf\Catalina\localhost\market-app.xml]
25-Aug-2025 15:24:17.547 WARNING [http-nio-8080-exec-135] org.apache.catalina.startup.HostConfig.deployDescriptor The path attribute with value [/market-app] in deployment descriptor [C:\Users\Celeste Jimenez\IdeaProjects\BootcampRoshka\apache-tomcat-10.1.44-windows-x64\apache-tomcat-10.1.44\conf\Catalina\localhost\market-app.xml] has been ignored
25-Aug-2025 15:24:17.678 INFO [http-nio-8080-exec-135] org.apache.jasper.servlet.TldScanner.scanJars Al menos un JAR, que se ha explorado buscando TLDs, aún no contenía TLDs. Activar historial de depuración para este historiador para una completa lista de los JARs que fueron explorados y de los que nos se halló TLDs. Saltarse JARs no necesarios durante la exploración puede dar lugar a una mejora de tiempo significativa en el arranque y compilación de JSP .
25-Aug-2025 15:24:17.680 INFO [http-nio-8080-exec-135] org.apache.catalina.startup.HostConfig.deployDescriptor Deployment of deployment descriptor [C:\Users\Celeste Jimenez\IdeaProjects\BootcampRoshka\apache-tomcat-10.1.44-windows-x64\apache-tomcat-10.1.44\conf\Catalina\localhost\market-app.xml] has finished in [133] ms
25-Aug-2025 15:24:17.682 INFO [http-nio-8080-exec-136] org.apache.catalina.util.LifecycleBase.start The start() method was called on component [StandardEngine[Catalina].StandardHost[localhost].StandardContext[/market-app]] after start() had already been called. The second call will be ignored.
25-Aug-2025 15:26:01.875 WARNING [http-nio-8080-exec-143] org.apache.catalina.loader.WebappClassLoaderBase.clearReferencesJdbc La aplicación web [market-app] registró el conductor JDBC [org.postgresql.Driver] pero falló al anular el registro mientras la aplicación web estaba parada. Para prevenir un fallo de memoria, se ha anulado el registro del conductor JDBC por la fuerza.
25-Aug-2025 15:26:02.387 INFO [http-nio-8080-exec-143] org.apache.catalina.startup.HostConfig.undeploy Repliegue (undeploy) de la aplicación web que tiene como trayectoria de contexto [/market-app]
25-Aug-2025 15:26:19.821 INFO [http-nio-8080-exec-138] org.apache.catalina.startup.HostConfig.deployDescriptor Desplieque del descriptor de configuración [C:\Users\Celeste Jimenez\IdeaProjects\BootcampRoshka\apache-tomcat-10.1.44-windows-x64\apache-tomcat-10.1.44\conf\Catalina\localhost\market-app.xml]
25-Aug-2025 15:26:19.823 WARNING [http-nio-8080-exec-138] org.apache.catalina.startup.HostConfig.deployDescriptor The path attribute with value [/market-app] in deployment descriptor [C:\Users\Celeste Jimenez\IdeaProjects\BootcampRoshka\apache-tomcat-10.1.44-windows-x64\apache-tomcat-10.1.44\conf\Catalina\localhost\market-app.xml] has been ignored
25-Aug-2025 15:26:19.950 INFO [http-nio-8080-exec-138] org.apache.jasper.servlet.TldScanner.scanJars Al menos un JAR, que se ha explorado buscando TLDs, aún no contenía TLDs. Activar historial de depuración para este historiador para una completa lista de los JARs que fueron explorados y de los que nos se halló TLDs. Saltarse JARs no necesarios durante la exploración puede dar lugar a una mejora de tiempo significativa en el arranque y compilación de JSP .
25-Aug-2025 15:26:19.952 INFO [http-nio-8080-exec-138] org.apache.catalina.startup.HostConfig.deployDescriptor Deployment of deployment descriptor [C:\Users\Celeste Jimenez\IdeaProjects\BootcampRoshka\apache-tomcat-10.1.44-windows-x64\apache-tomcat-10.1.44\conf\Catalina\localhost\market-app.xml] has finished in [131] ms
25-Aug-2025 15:26:19.955 INFO [http-nio-8080-exec-143] org.apache.catalina.util.LifecycleBase.start The start() method was called on component [StandardEngine[Catalina].StandardHost[localhost].StandardContext[/market-app]] after start() had already been called. The second call will be ignored.
25-Aug-2025 15:58:54.570 WARNING [http-nio-8080-exec-145] org.apache.catalina.loader.WebappClassLoaderBase.clearReferencesJdbc La aplicación web [market-app] registró el conductor JDBC [org.postgresql.Driver] pero falló al anular el registro mientras la aplicación web estaba parada. Para prevenir un fallo de memoria, se ha anulado el registro del conductor JDBC por la fuerza.
25-Aug-2025 15:58:55.083 INFO [http-nio-8080-exec-145] org.apache.catalina.startup.HostConfig.undeploy Repliegue (undeploy) de la aplicación web que tiene como trayectoria de contexto [/market-app]
25-Aug-2025 15:59:47.388 INFO [http-nio-8080-exec-155] org.apache.catalina.startup.HostConfig.deployDescriptor Desplieque del descriptor de configuración [C:\Users\Celeste Jimenez\IdeaProjects\BootcampRoshka\apache-tomcat-10.1.44-windows-x64\apache-tomcat-10.1.44\conf\Catalina\localhost\market-app.xml]
25-Aug-2025 15:59:47.389 WARNING [http-nio-8080-exec-155] org.apache.catalina.startup.HostConfig.deployDescriptor The path attribute with value [/market-app] in deployment descriptor [C:\Users\Celeste Jimenez\IdeaProjects\BootcampRoshka\apache-tomcat-10.1.44-windows-x64\apache-tomcat-10.1.44\conf\Catalina\localhost\market-app.xml] has been ignored
25-Aug-2025 15:59:47.528 INFO [http-nio-8080-exec-155] org.apache.jasper.servlet.TldScanner.scanJars Al menos un JAR, que se ha explorado buscando TLDs, aún no contenía TLDs. Activar historial de depuración para este historiador para una completa lista de los JARs que fueron explorados y de los que nos se halló TLDs. Saltarse JARs no necesarios durante la exploración puede dar lugar a una mejora de tiempo significativa en el arranque y compilación de JSP .
25-Aug-2025 15:59:47.530 INFO [http-nio-8080-exec-155] org.apache.catalina.startup.HostConfig.deployDescriptor Deployment of deployment descriptor [C:\Users\Celeste Jimenez\IdeaProjects\BootcampRoshka\apache-tomcat-10.1.44-windows-x64\apache-tomcat-10.1.44\conf\Catalina\localhost\market-app.xml] has finished in [143] ms
25-Aug-2025 15:59:47.534 INFO [http-nio-8080-exec-156] org.apache.catalina.util.LifecycleBase.start The start() method was called on component [StandardEngine[Catalina].StandardHost[localhost].StandardContext[/market-app]] after start() had already been called. The second call will be ignored.
25-Aug-2025 16:02:34.621 INFO [http-nio-8080-exec-152] org.apache.catalina.startup.HostConfig.undeploy Repliegue (undeploy) de la aplicación web que tiene como trayectoria de contexto [/market-app]
25-Aug-2025 16:02:48.070 INFO [http-nio-8080-exec-159] org.apache.catalina.startup.HostConfig.deployDescriptor Desplieque del descriptor de configuración [C:\Users\Celeste Jimenez\IdeaProjects\BootcampRoshka\apache-tomcat-10.1.44-windows-x64\apache-tomcat-10.1.44\conf\Catalina\localhost\market-app.xml]
25-Aug-2025 16:02:48.071 WARNING [http-nio-8080-exec-159] org.apache.catalina.startup.HostConfig.deployDescriptor The path attribute with value [/market-app] in deployment descriptor [C:\Users\Celeste Jimenez\IdeaProjects\BootcampRoshka\apache-tomcat-10.1.44-windows-x64\apache-tomcat-10.1.44\conf\Catalina\localhost\market-app.xml] has been ignored
25-Aug-2025 16:02:48.207 INFO [http-nio-8080-exec-159] org.apache.jasper.servlet.TldScanner.scanJars Al menos un JAR, que se ha explorado buscando TLDs, aún no contenía TLDs. Activar historial de depuración para este historiador para una completa lista de los JARs que fueron explorados y de los que nos se halló TLDs. Saltarse JARs no necesarios durante la exploración puede dar lugar a una mejora de tiempo significativa en el arranque y compilación de JSP .
25-Aug-2025 16:02:48.208 INFO [http-nio-8080-exec-159] org.apache.catalina.startup.HostConfig.deployDescriptor Deployment of deployment descriptor [C:\Users\Celeste Jimenez\IdeaProjects\BootcampRoshka\apache-tomcat-10.1.44-windows-x64\apache-tomcat-10.1.44\conf\Catalina\localhost\market-app.xml] has finished in [138] ms
25-Aug-2025 16:02:48.210 INFO [http-nio-8080-exec-152] org.apache.catalina.util.LifecycleBase.start The start() method was called on component [StandardEngine[Catalina].StandardHost[localhost].StandardContext[/market-app]] after start() had already been called. The second call will be ignored.
25-Aug-2025 16:13:25.374 INFO [http-nio-8080-exec-173] org.apache.catalina.startup.HostConfig.undeploy Repliegue (undeploy) de la aplicación web que tiene como trayectoria de contexto [/market-app]
25-Aug-2025 16:18:55.060 INFO [http-nio-8080-exec-171] org.apache.catalina.startup.HostConfig.deployDescriptor Desplieque del descriptor de configuración [C:\Users\Celeste Jimenez\IdeaProjects\BootcampRoshka\apache-tomcat-10.1.44-windows-x64\apache-tomcat-10.1.44\conf\Catalina\localhost\market-app.xml]
25-Aug-2025 16:18:55.061 WARNING [http-nio-8080-exec-171] org.apache.catalina.startup.HostConfig.deployDescriptor The path attribute with value [/market-app] in deployment descriptor [C:\Users\Celeste Jimenez\IdeaProjects\BootcampRoshka\apache-tomcat-10.1.44-windows-x64\apache-tomcat-10.1.44\conf\Catalina\localhost\market-app.xml] has been ignored
25-Aug-2025 16:18:55.198 INFO [http-nio-8080-exec-171] org.apache.jasper.servlet.TldScanner.scanJars Al menos un JAR, que se ha explorado buscando TLDs, aún no contenía TLDs. Activar historial de depuración para este historiador para una completa lista de los JARs que fueron explorados y de los que nos se halló TLDs. Saltarse JARs no necesarios durante la exploración puede dar lugar a una mejora de tiempo significativa en el arranque y compilación de JSP .
25-Aug-2025 16:18:55.199 INFO [http-nio-8080-exec-171] org.apache.catalina.startup.HostConfig.deployDescriptor Deployment of deployment descriptor [C:\Users\Celeste Jimenez\IdeaProjects\BootcampRoshka\apache-tomcat-10.1.44-windows-x64\apache-tomcat-10.1.44\conf\Catalina\localhost\market-app.xml] has finished in [139] ms
25-Aug-2025 16:18:55.202 INFO [http-nio-8080-exec-181] org.apache.catalina.util.LifecycleBase.start The start() method was called on component [StandardEngine[Catalina].StandardHost[localhost].StandardContext[/market-app]] after start() had already been called. The second call will be ignored.
25-Aug-2025 16:34:06.557 INFO [main] org.apache.catalina.core.StandardServer.await Se ha recibido un comando de apagado a través del puerto de apagado. Parando la instancia del Servidor.
25-Aug-2025 16:34:06.557 INFO [main] org.apache.coyote.AbstractProtocol.pause Pausing ProtocolHandler ["http-nio-8080"]
25-Aug-2025 16:34:06.671 INFO [main] org.apache.catalina.core.StandardService.stopInternal Parando servicio [Catalina]
25-Aug-2025 16:34:06.681 WARNING [main] org.apache.catalina.loader.WebappClassLoaderBase.clearReferencesJdbc La aplicación web [market-app] registró el conductor JDBC [org.postgresql.Driver] pero falló al anular el registro mientras la aplicación web estaba parada. Para prevenir un fallo de memoria, se ha anulado el registro del conductor JDBC por la fuerza.
25-Aug-2025 16:34:06.683 INFO [main] org.apache.coyote.AbstractProtocol.stop Stopping ProtocolHandler ["http-nio-8080"]
25-Aug-2025 16:34:06.702 INFO [main] org.apache.coyote.AbstractProtocol.destroy Destroying ProtocolHandler ["http-nio-8080"]
25-Aug-2025 16:47:27.785 INFO [main] org.apache.catalina.startup.VersionLoggerListener.log Nombre de la versión del servidor: Apache Tomcat/10.1.44
25-Aug-2025 16:47:27.789 INFO [main] org.apache.catalina.startup.VersionLoggerListener.log Server built:                      Aug 4 2025 13:14:17 UTC
25-Aug-2025 16:47:27.789 INFO [main] org.apache.catalina.startup.VersionLoggerListener.log Número de versión de servidor:     10.1.44.0
25-Aug-2025 16:47:27.789 INFO [main] org.apache.catalina.startup.VersionLoggerListener.log OS Name:                           Windows 11
25-Aug-2025 16:47:27.791 INFO [main] org.apache.catalina.startup.VersionLoggerListener.log Versión de Systema Operativo:      10.0
25-Aug-2025 16:47:27.791 INFO [main] org.apache.catalina.startup.VersionLoggerListener.log Arquitectura:                      amd64
25-Aug-2025 16:47:27.791 INFO [main] org.apache.catalina.startup.VersionLoggerListener.log Java Home:                         C:\Program Files\Java\jdk-17
25-Aug-2025 16:47:27.791 INFO [main] org.apache.catalina.startup.VersionLoggerListener.log JVM Version:                       17.0.16+12-LTS-247
25-Aug-2025 16:47:27.791 INFO [main] org.apache.catalina.startup.VersionLoggerListener.log Vededor JVM:                       Oracle Corporation
25-Aug-2025 16:47:27.791 INFO [main] org.apache.catalina.startup.VersionLoggerListener.log CATALINA_BASE:                     C:\Users\Celeste Jimenez\IdeaProjects\BootcampRoshka\apache-tomcat-10.1.44-windows-x64\apache-tomcat-10.1.44
25-Aug-2025 16:47:27.791 INFO [main] org.apache.catalina.startup.VersionLoggerListener.log CATALINA_HOME:                     C:\Users\Celeste Jimenez\IdeaProjects\BootcampRoshka\apache-tomcat-10.1.44-windows-x64\apache-tomcat-10.1.44
25-Aug-2025 16:47:27.802 INFO [main] org.apache.catalina.startup.VersionLoggerListener.log Command line argument:             -Djava.util.logging.config.file=C:\Users\Celeste Jimenez\IdeaProjects\BootcampRoshka\apache-tomcat-10.1.44-windows-x64\apache-tomcat-10.1.44\conf\logging.properties
25-Aug-2025 16:47:27.802 INFO [main] org.apache.catalina.startup.VersionLoggerListener.log Command line argument:             -Djava.util.logging.manager=org.apache.juli.ClassLoaderLogManager
25-Aug-2025 16:47:27.802 INFO [main] org.apache.catalina.startup.VersionLoggerListener.log Command line argument:             -Djdk.tls.ephemeralDHKeySize=2048
25-Aug-2025 16:47:27.802 INFO [main] org.apache.catalina.startup.VersionLoggerListener.log Command line argument:             -Djava.protocol.handler.pkgs=org.apache.catalina.webresources
25-Aug-2025 16:47:27.802 INFO [main] org.apache.catalina.startup.VersionLoggerListener.log Command line argument:             -Dsun.io.useCanonCaches=false
25-Aug-2025 16:47:27.802 INFO [main] org.apache.catalina.startup.VersionLoggerListener.log Command line argument:             --add-opens=java.base/java.lang=ALL-UNNAMED
25-Aug-2025 16:47:27.802 INFO [main] org.apache.catalina.startup.VersionLoggerListener.log Command line argument:             --add-opens=java.base/java.lang.reflect=ALL-UNNAMED
25-Aug-2025 16:47:27.802 INFO [main] org.apache.catalina.startup.VersionLoggerListener.log Command line argument:             --add-opens=java.base/java.io=ALL-UNNAMED
25-Aug-2025 16:47:27.802 INFO [main] org.apache.catalina.startup.VersionLoggerListener.log Command line argument:             --add-opens=java.base/java.util=ALL-UNNAMED
25-Aug-2025 16:47:27.803 INFO [main] org.apache.catalina.startup.VersionLoggerListener.log Command line argument:             --add-opens=java.base/java.util.concurrent=ALL-UNNAMED
25-Aug-2025 16:47:27.803 INFO [main] org.apache.catalina.startup.VersionLoggerListener.log Command line argument:             --add-opens=java.rmi/sun.rmi.transport=ALL-UNNAMED
25-Aug-2025 16:47:27.803 INFO [main] org.apache.catalina.startup.VersionLoggerListener.log Command line argument:             -Dcatalina.base=C:\Users\Celeste Jimenez\IdeaProjects\BootcampRoshka\apache-tomcat-10.1.44-windows-x64\apache-tomcat-10.1.44
25-Aug-2025 16:47:27.803 INFO [main] org.apache.catalina.startup.VersionLoggerListener.log Command line argument:             -Dcatalina.home=C:\Users\Celeste Jimenez\IdeaProjects\BootcampRoshka\apache-tomcat-10.1.44-windows-x64\apache-tomcat-10.1.44
25-Aug-2025 16:47:27.849 INFO [main] org.apache.catalina.startup.VersionLoggerListener.log Command line argument:             -Djava.io.tmpdir=C:\Users\Celeste Jimenez\IdeaProjects\BootcampRoshka\apache-tomcat-10.1.44-windows-x64\apache-tomcat-10.1.44\temp
25-Aug-2025 16:47:27.853 INFO [main] org.apache.catalina.core.AprLifecycleListener.lifecycleEvent Cargada la biblioteca nativa APR de Apache Tomcat [2.0.9] con la versión APR [1.7.6].
25-Aug-2025 16:47:27.858 INFO [main] org.apache.catalina.core.AprLifecycleListener.initializeSSL OpenSSL inicializado correctamente [OpenSSL 3.5.0 8 Apr 2025]
25-Aug-2025 16:47:28.035 INFO [main] org.apache.coyote.AbstractProtocol.init Inicializando el manejador de protocolo ["http-nio-8080"]

25-Aug-2025 16:47:28.056 INFO [main] org.apache.catalina.startup.Catalina.load Server initialization in [417] milliseconds
25-Aug-2025 16:47:28.105 INFO [main] org.apache.catalina.core.StandardService.startInternal Arrancando servicio [Catalina]
25-Aug-2025 16:47:28.107 INFO [main] org.apache.catalina.core.StandardEngine.startInternal Starting Servlet engine: [Apache Tomcat/10.1.44]
25-Aug-2025 16:47:28.119 INFO [main] org.apache.catalina.startup.HostConfig.deployDescriptor Desplieque del descriptor de configuración [C:\Users\Celeste Jimenez\IdeaProjects\BootcampRoshka\apache-tomcat-10.1.44-windows-x64\apache-tomcat-10.1.44\conf\Catalina\localhost\market-app.xml]
25-Aug-2025 16:47:28.130 WARNING [main] org.apache.catalina.startup.HostConfig.deployDescriptor The path attribute with value [/market-app] in deployment descriptor [C:\Users\Celeste Jimenez\IdeaProjects\BootcampRoshka\apache-tomcat-10.1.44-windows-x64\apache-tomcat-10.1.44\conf\Catalina\localhost\market-app.xml] has been ignored
25-Aug-2025 16:47:28.163 SEVERE [main] org.apache.catalina.startup.HostConfig.deployDescriptor Error durante el despliegue del descriptor de configuración [C:\Users\Celeste Jimenez\IdeaProjects\BootcampRoshka\apache-tomcat-10.1.44-windows-x64\apache-tomcat-10.1.44\conf\Catalina\localhost\market-app.xml]
	java.lang.IllegalStateException: Error starting child
		at org.apache.catalina.core.ContainerBase.addChildInternal(ContainerBase.java:602)
		at org.apache.catalina.core.ContainerBase.addChild(ContainerBase.java:571)
		at org.apache.catalina.core.StandardHost.addChild(StandardHost.java:654)
		at org.apache.catalina.startup.HostConfig.deployDescriptor(HostConfig.java:632)
		at org.apache.catalina.startup.HostConfig$DeployDescriptor.run(HostConfig.java:1881)
		at java.base/java.util.concurrent.Executors$RunnableAdapter.call(Executors.java:539)
		at java.base/java.util.concurrent.FutureTask.run(FutureTask.java:264)
		at org.apache.tomcat.util.threads.InlineExecutorService.execute(InlineExecutorService.java:75)
		at java.base/java.util.concurrent.AbstractExecutorService.submit(AbstractExecutorService.java:123)
		at org.apache.catalina.startup.HostConfig.deployDescriptors(HostConfig.java:527)
		at org.apache.catalina.startup.HostConfig.deployApps(HostConfig.java:418)
		at org.apache.catalina.startup.HostConfig.start(HostConfig.java:1621)
		at org.apache.catalina.startup.HostConfig.lifecycleEvent(HostConfig.java:303)
		at org.apache.catalina.util.LifecycleBase.fireLifecycleEvent(LifecycleBase.java:109)
		at org.apache.catalina.util.LifecycleBase.setStateInternal(LifecycleBase.java:389)
		at org.apache.catalina.util.LifecycleBase.setState(LifecycleBase.java:336)
		at org.apache.catalina.core.ContainerBase.startInternal(ContainerBase.java:776)
		at org.apache.catalina.core.StandardHost.startInternal(StandardHost.java:772)
		at org.apache.catalina.util.LifecycleBase.start(LifecycleBase.java:164)
		at org.apache.catalina.core.ContainerBase$StartChild.call(ContainerBase.java:1203)
		at org.apache.catalina.core.ContainerBase$StartChild.call(ContainerBase.java:1193)
		at java.base/java.util.concurrent.FutureTask.run(FutureTask.java:264)
		at org.apache.tomcat.util.threads.InlineExecutorService.execute(InlineExecutorService.java:75)
		at java.base/java.util.concurrent.AbstractExecutorService.submit(AbstractExecutorService.java:145)
		at org.apache.catalina.core.ContainerBase.startInternal(ContainerBase.java:749)
		at org.apache.catalina.core.StandardEngine.startInternal(StandardEngine.java:203)
		at org.apache.catalina.util.LifecycleBase.start(LifecycleBase.java:164)
		at org.apache.catalina.core.StandardService.startInternal(StandardService.java:412)
		at org.apache.catalina.util.LifecycleBase.start(LifecycleBase.java:164)
		at org.apache.catalina.core.StandardServer.startInternal(StandardServer.java:870)
		at org.apache.catalina.util.LifecycleBase.start(LifecycleBase.java:164)
		at org.apache.catalina.startup.Catalina.start(Catalina.java:761)
		at java.base/jdk.internal.reflect.NativeMethodAccessorImpl.invoke0(Native Method)
		at java.base/jdk.internal.reflect.NativeMethodAccessorImpl.invoke(NativeMethodAccessorImpl.java:77)
		at java.base/jdk.internal.reflect.DelegatingMethodAccessorImpl.invoke(DelegatingMethodAccessorImpl.java:43)
		at java.base/java.lang.reflect.Method.invoke(Method.java:568)
		at org.apache.catalina.startup.Bootstrap.start(Bootstrap.java:345)
		at org.apache.catalina.startup.Bootstrap.main(Bootstrap.java:476)
	Caused by: org.apache.catalina.LifecycleException: Failed to start component [org.apache.catalina.webresources.StandardRoot@7d9f158f]
		at org.apache.catalina.util.LifecycleBase.handleSubClassException(LifecycleBase.java:406)
		at org.apache.catalina.util.LifecycleBase.start(LifecycleBase.java:179)
		at org.apache.catalina.core.StandardContext.resourcesStart(StandardContext.java:4159)
		at org.apache.catalina.core.StandardContext.startInternal(StandardContext.java:4281)
		at org.apache.catalina.util.LifecycleBase.start(LifecycleBase.java:164)
		at org.apache.catalina.core.ContainerBase.addChildInternal(ContainerBase.java:599)
		... 37 more
	Caused by: java.lang.IllegalArgumentException: The main resource set specified [C:\Users\Celeste Jimenez\Documents\NetBeansProjects\market-app\target\market-app] is not a directory or war file, or is not readable (it does not exist or permissions to access it are missing)
		at org.apache.catalina.webresources.StandardRoot.createMainResourceSet(StandardRoot.java:758)
		at org.apache.catalina.webresources.StandardRoot.startInternal(StandardRoot.java:715)
		at org.apache.catalina.util.LifecycleBase.start(LifecycleBase.java:164)
		... 41 more
25-Aug-2025 16:47:28.210 INFO [main] org.apache.catalina.startup.HostConfig.deployDescriptor Deployment of deployment descriptor [C:\Users\Celeste Jimenez\IdeaProjects\BootcampRoshka\apache-tomcat-10.1.44-windows-x64\apache-tomcat-10.1.44\conf\Catalina\localhost\market-app.xml] has finished in [89] ms
25-Aug-2025 16:47:28.211 INFO [main] org.apache.catalina.startup.HostConfig.deployDirectory Desplegando el directorio [C:\Users\Celeste Jimenez\IdeaProjects\BootcampRoshka\apache-tomcat-10.1.44-windows-x64\apache-tomcat-10.1.44\webapps\docs] de la aplicación web
25-Aug-2025 16:47:28.506 INFO [main] org.apache.catalina.startup.HostConfig.deployDirectory Deployment of web application directory [C:\Users\Celeste Jimenez\IdeaProjects\BootcampRoshka\apache-tomcat-10.1.44-windows-x64\apache-tomcat-10.1.44\webapps\docs] has finished in [295] ms
25-Aug-2025 16:47:28.506 INFO [main] org.apache.catalina.startup.HostConfig.deployDirectory Desplegando el directorio [C:\Users\Celeste Jimenez\IdeaProjects\BootcampRoshka\apache-tomcat-10.1.44-windows-x64\apache-tomcat-10.1.44\webapps\examples] de la aplicación web
25-Aug-2025 16:47:28.888 INFO [main] org.apache.catalina.startup.HostConfig.deployDirectory Deployment of web application directory [C:\Users\Celeste Jimenez\IdeaProjects\BootcampRoshka\apache-tomcat-10.1.44-windows-x64\apache-tomcat-10.1.44\webapps\examples] has finished in [382] ms
25-Aug-2025 16:47:28.889 INFO [main] org.apache.catalina.startup.HostConfig.deployDirectory Desplegando el directorio [C:\Users\Celeste Jimenez\IdeaProjects\BootcampRoshka\apache-tomcat-10.1.44-windows-x64\apache-tomcat-10.1.44\webapps\host-manager] de la aplicación web
25-Aug-2025 16:47:28.927 INFO [main] org.apache.catalina.startup.HostConfig.deployDirectory Deployment of web application directory [C:\Users\Celeste Jimenez\IdeaProjects\BootcampRoshka\apache-tomcat-10.1.44-windows-x64\apache-tomcat-10.1.44\webapps\host-manager] has finished in [38] ms
25-Aug-2025 16:47:28.928 INFO [main] org.apache.catalina.startup.HostConfig.deployDirectory Desplegando el directorio [C:\Users\Celeste Jimenez\IdeaProjects\BootcampRoshka\apache-tomcat-10.1.44-windows-x64\apache-tomcat-10.1.44\webapps\manager] de la aplicación web
25-Aug-2025 16:47:28.957 INFO [main] org.apache.catalina.startup.HostConfig.deployDirectory Deployment of web application directory [C:\Users\Celeste Jimenez\IdeaProjects\BootcampRoshka\apache-tomcat-10.1.44-windows-x64\apache-tomcat-10.1.44\webapps\manager] has finished in [30] ms
25-Aug-2025 16:47:28.958 INFO [main] org.apache.catalina.startup.HostConfig.deployDirectory Desplegando el directorio [C:\Users\Celeste Jimenez\IdeaProjects\BootcampRoshka\apache-tomcat-10.1.44-windows-x64\apache-tomcat-10.1.44\webapps\ROOT] de la aplicación web
25-Aug-2025 16:47:28.983 INFO [main] org.apache.catalina.startup.HostConfig.deployDirectory Deployment of web application directory [C:\Users\Celeste Jimenez\IdeaProjects\BootcampRoshka\apache-tomcat-10.1.44-windows-x64\apache-tomcat-10.1.44\webapps\ROOT] has finished in [25] ms
25-Aug-2025 16:47:28.987 INFO [main] org.apache.coyote.AbstractProtocol.start Starting ProtocolHandler ["http-nio-8080"]
25-Aug-2025 16:47:29.034 INFO [main] org.apache.catalina.startup.Catalina.start Server startup in [978] milliseconds
25-Aug-2025 16:47:32.183 INFO [http-nio-8080-exec-8] org.apache.catalina.startup.HostConfig.undeploy Repliegue (undeploy) de la aplicación web que tiene como trayectoria de contexto [/market-app]
25-Aug-2025 16:47:32.215 INFO [http-nio-8080-exec-7] org.apache.catalina.startup.HostConfig.deployDescriptor Desplieque del descriptor de configuración [C:\Users\Celeste Jimenez\IdeaProjects\BootcampRoshka\apache-tomcat-10.1.44-windows-x64\apache-tomcat-10.1.44\conf\Catalina\localhost\market-app.xml]
25-Aug-2025 16:47:32.215 WARNING [http-nio-8080-exec-7] org.apache.catalina.startup.HostConfig.deployDescriptor The path attribute with value [/market-app] in deployment descriptor [C:\Users\Celeste Jimenez\IdeaProjects\BootcampRoshka\apache-tomcat-10.1.44-windows-x64\apache-tomcat-10.1.44\conf\Catalina\localhost\market-app.xml] has been ignored
25-Aug-2025 16:47:32.413 INFO [http-nio-8080-exec-7] org.apache.jasper.servlet.TldScanner.scanJars Al menos un JAR, que se ha explorado buscando TLDs, aún no contenía TLDs. Activar historial de depuración para este historiador para una completa lista de los JARs que fueron explorados y de los que nos se halló TLDs. Saltarse JARs no necesarios durante la exploración puede dar lugar a una mejora de tiempo significativa en el arranque y compilación de JSP .
25-Aug-2025 16:47:32.419 INFO [http-nio-8080-exec-7] org.apache.catalina.startup.HostConfig.deployDescriptor Deployment of deployment descriptor [C:\Users\Celeste Jimenez\IdeaProjects\BootcampRoshka\apache-tomcat-10.1.44-windows-x64\apache-tomcat-10.1.44\conf\Catalina\localhost\market-app.xml] has finished in [204] ms
25-Aug-2025 16:47:32.423 INFO [http-nio-8080-exec-2] org.apache.catalina.util.LifecycleBase.start The start() method was called on component [StandardEngine[Catalina].StandardHost[localhost].StandardContext[/market-app]] after start() had already been called. The second call will be ignored.
25-Aug-2025 17:39:47.608 INFO [main] org.apache.catalina.core.StandardServer.await Se ha recibido un comando de apagado a través del puerto de apagado. Parando la instancia del Servidor.
25-Aug-2025 17:39:47.609 INFO [main] org.apache.coyote.AbstractProtocol.pause Pausing ProtocolHandler ["http-nio-8080"]
25-Aug-2025 17:39:47.751 INFO [main] org.apache.catalina.core.StandardService.stopInternal Parando servicio [Catalina]
25-Aug-2025 17:39:47.775 WARNING [main] org.apache.catalina.loader.WebappClassLoaderBase.clearReferencesJdbc La aplicación web [market-app] registró el conductor JDBC [org.postgresql.Driver] pero falló al anular el registro mientras la aplicación web estaba parada. Para prevenir un fallo de memoria, se ha anulado el registro del conductor JDBC por la fuerza.
25-Aug-2025 17:39:47.778 INFO [main] org.apache.coyote.AbstractProtocol.stop Stopping ProtocolHandler ["http-nio-8080"]
25-Aug-2025 17:39:47.791 INFO [main] org.apache.coyote.AbstractProtocol.destroy Destroying ProtocolHandler ["http-nio-8080"]
