22-Aug-2025 09:48:30.166 INFO [main] org.apache.catalina.core.ApplicationContext.log ContextListener: contextInitialized()
22-Aug-2025 09:48:30.167 INFO [main] org.apache.catalina.core.ApplicationContext.log SessionListener: contextInitialized()
22-Aug-2025 09:48:30.171 INFO [main] org.apache.catalina.core.ApplicationContext.log ContextListener: attributeAdded('StockTicker', 'async.Stockticker@70dd7e15')
22-Aug-2025 09:48:35.332 SEVERE [http-nio-8080-exec-3] org.apache.catalina.core.StandardWrapperValve.invoke El Servlet.service() para el servlet [jsp] en el contexto con ruta [/market-app] lanzó la excepción [/index.jsp (línea: [4], columna: [5]) Directiva Page: es ilegal tener múltiples ocurrencias de 'contentType' con valores distintos (viejo: [text/html], nuevo: [text/html; charset=UTF-8])] con causa raíz
	org.apache.jasper.JasperException: /index.jsp (línea: [4], columna: [5]) Directiva Page: es ilegal tener múltiples ocurrencias de 'contentType' con valores distintos (viejo: [text/html], nuevo: [text/html; charset=UTF-8])
		at org.apache.jasper.compiler.DefaultErrorHandler.jspError(DefaultErrorHandler.java:31)
		at org.apache.jasper.compiler.ErrorDispatcher.dispatch(ErrorDispatcher.java:268)
		at org.apache.jasper.compiler.ErrorDispatcher.jspError(ErrorDispatcher.java:105)
		at org.apache.jasper.compiler.Validator$DirectiveVisitor.visit(Validator.java:128)
		at org.apache.jasper.compiler.Node$PageDirective.accept(Node.java:543)
		at org.apache.jasper.compiler.Node$Nodes.visit(Node.java:2243)
		at org.apache.jasper.compiler.Node$Visitor.visitBody(Node.java:2299)
		at org.apache.jasper.compiler.Node$Visitor.visit(Node.java:2305)
		at org.apache.jasper.compiler.Node$Root.accept(Node.java:438)
		at org.apache.jasper.compiler.Node$Nodes.visit(Node.java:2243)
		at org.apache.jasper.compiler.Validator.validateDirectives(Validator.java:1614)
		at org.apache.jasper.compiler.Compiler.generateJava(Compiler.java:192)
		at org.apache.jasper.compiler.Compiler.compile(Compiler.java:368)
		at org.apache.jasper.compiler.Compiler.compile(Compiler.java:346)
		at org.apache.jasper.compiler.Compiler.compile(Compiler.java:332)
		at org.apache.jasper.JspCompilationContext.compile(JspCompilationContext.java:592)
		at org.apache.jasper.servlet.JspServletWrapper.service(JspServletWrapper.java:376)
		at org.apache.jasper.servlet.JspServlet.serviceJspFile(JspServlet.java:357)
		at org.apache.jasper.servlet.JspServlet.service(JspServlet.java:308)
		at jakarta.servlet.http.HttpServlet.service(HttpServlet.java:658)
		at org.apache.catalina.core.ApplicationFilterChain.internalDoFilter(ApplicationFilterChain.java:195)
		at org.apache.catalina.core.ApplicationFilterChain.doFilter(ApplicationFilterChain.java:140)
		at org.apache.tomcat.websocket.server.WsFilter.doFilter(WsFilter.java:51)
		at org.apache.catalina.core.ApplicationFilterChain.internalDoFilter(ApplicationFilterChain.java:164)
		at org.apache.catalina.core.ApplicationFilterChain.doFilter(ApplicationFilterChain.java:140)
		at org.apache.catalina.core.StandardWrapperValve.invoke(StandardWrapperValve.java:167)
		at org.apache.catalina.core.StandardContextValve.invoke(StandardContextValve.java:90)
		at org.apache.catalina.authenticator.AuthenticatorBase.invoke(AuthenticatorBase.java:483)
		at org.apache.catalina.core.StandardHostValve.invoke(StandardHostValve.java:116)
		at org.apache.catalina.valves.ErrorReportValve.invoke(ErrorReportValve.java:93)
		at org.apache.catalina.valves.AbstractAccessLogValve.invoke(AbstractAccessLogValve.java:666)
		at org.apache.catalina.core.StandardEngineValve.invoke(StandardEngineValve.java:74)
		at org.apache.catalina.connector.CoyoteAdapter.service(CoyoteAdapter.java:344)
		at org.apache.coyote.http11.Http11Processor.service(Http11Processor.java:398)
		at org.apache.coyote.AbstractProcessorLight.process(AbstractProcessorLight.java:63)
		at org.apache.coyote.AbstractProtocol$ConnectionHandler.process(AbstractProtocol.java:903)
		at org.apache.tomcat.util.net.NioEndpoint$SocketProcessor.doRun(NioEndpoint.java:1769)
		at org.apache.tomcat.util.net.SocketProcessorBase.run(SocketProcessorBase.java:52)
		at org.apache.tomcat.util.threads.ThreadPoolExecutor.runWorker(ThreadPoolExecutor.java:1189)
		at org.apache.tomcat.util.threads.ThreadPoolExecutor$Worker.run(ThreadPoolExecutor.java:658)
		at org.apache.tomcat.util.threads.TaskThread$WrappingRunnable.run(TaskThread.java:63)
		at java.base/java.lang.Thread.run(Thread.java:842)
22-Aug-2025 10:20:14.020 INFO [main] org.apache.catalina.core.ApplicationContext.log SessionListener: contextDestroyed()
22-Aug-2025 10:20:14.020 INFO [main] org.apache.catalina.core.ApplicationContext.log ContextListener: contextDestroyed()
22-Aug-2025 17:28:25.412 INFO [main] org.apache.catalina.core.ApplicationContext.log ContextListener: contextInitialized()
22-Aug-2025 17:28:25.412 INFO [main] org.apache.catalina.core.ApplicationContext.log SessionListener: contextInitialized()
22-Aug-2025 17:28:25.415 INFO [main] org.apache.catalina.core.ApplicationContext.log ContextListener: attributeAdded('StockTicker', 'async.Stockticker@264c5d07')
